INFO - 2023-09-23 10:41:39 --> Session: Class initialized using 'CodeIgniter\Session\Handlers\FileHandler' driver.
CRITICAL - 2023-09-23 10:41:49 --> Undefined variable $tampilTertinggi
in APPPATH\Views\Home.php on line 20.
 1 APPPATH\Views\Home.php(20): CodeIgniter\Debug\Exceptions->errorHandler(2, 'Undefined variable $tampilTertinggi', 'APPPATH\\Views\\Home.php', 20)
 2 SYSTEMPATH\View\View.php(213): include('APPPATH\\Views\\Home.php')
 3 SYSTEMPATH\View\View.php(216): CodeIgniter\View\View->CodeIgniter\View\{closure}()
 4 SYSTEMPATH\Common.php(1177): CodeIgniter\View\View->render('Home', [], true)
 5 APPPATH\Controllers\Apps.php(73): view('Home', [...])
 6 SYSTEMPATH\CodeIgniter.php(937): App\Controllers\Apps->index()
 7 SYSTEMPATH\CodeIgniter.php(502): CodeIgniter\CodeIgniter->runController(Object(App\Controllers\Apps))
 8 SYSTEMPATH\CodeIgniter.php(371): CodeIgniter\CodeIgniter->handleRequest(null, Object(Config\Cache), false)
 9 FCPATH\index.php(67): CodeIgniter\CodeIgniter->run()
10 SYSTEMPATH\Commands\Server\rewrite.php(47): require_once('FCPATH\\index.php')
CRITICAL - 2023-09-23 10:43:33 --> Undefined variable $tampilTertinggi
in APPPATH\Views\Home.php on line 20.
 1 APPPATH\Views\Home.php(20): CodeIgniter\Debug\Exceptions->errorHandler(2, 'Undefined variable $tampilTertinggi', 'APPPATH\\Views\\Home.php', 20)
 2 SYSTEMPATH\View\View.php(213): include('APPPATH\\Views\\Home.php')
 3 SYSTEMPATH\View\View.php(216): CodeIgniter\View\View->CodeIgniter\View\{closure}()
 4 SYSTEMPATH\Common.php(1177): CodeIgniter\View\View->render('Home', [], true)
 5 APPPATH\Controllers\Apps.php(73): view('Home', [...])
 6 SYSTEMPATH\CodeIgniter.php(937): App\Controllers\Apps->index()
 7 SYSTEMPATH\CodeIgniter.php(502): CodeIgniter\CodeIgniter->runController(Object(App\Controllers\Apps))
 8 SYSTEMPATH\CodeIgniter.php(371): CodeIgniter\CodeIgniter->handleRequest(null, Object(Config\Cache), false)
 9 FCPATH\index.php(67): CodeIgniter\CodeIgniter->run()
10 SYSTEMPATH\Commands\Server\rewrite.php(47): require_once('FCPATH\\index.php')
CRITICAL - 2023-09-23 10:43:55 --> Undefined variable $tampilTertinggi
in APPPATH\Views\Home.php on line 20.
 1 APPPATH\Views\Home.php(20): CodeIgniter\Debug\Exceptions->errorHandler(2, 'Undefined variable $tampilTertinggi', 'APPPATH\\Views\\Home.php', 20)
 2 SYSTEMPATH\View\View.php(213): include('APPPATH\\Views\\Home.php')
 3 SYSTEMPATH\View\View.php(216): CodeIgniter\View\View->CodeIgniter\View\{closure}()
 4 SYSTEMPATH\Common.php(1177): CodeIgniter\View\View->render('Home', [], true)
 5 APPPATH\Controllers\Apps.php(73): view('Home', [...])
 6 SYSTEMPATH\CodeIgniter.php(937): App\Controllers\Apps->index()
 7 SYSTEMPATH\CodeIgniter.php(502): CodeIgniter\CodeIgniter->runController(Object(App\Controllers\Apps))
 8 SYSTEMPATH\CodeIgniter.php(371): CodeIgniter\CodeIgniter->handleRequest(null, Object(Config\Cache), false)
 9 FCPATH\index.php(67): CodeIgniter\CodeIgniter->run()
10 SYSTEMPATH\Commands\Server\rewrite.php(47): require_once('FCPATH\\index.php')
CRITICAL - 2023-09-23 10:45:44 --> Undefined variable $tampilTertinggi
in APPPATH\Views\Home.php on line 20.
 1 APPPATH\Views\Home.php(20): CodeIgniter\Debug\Exceptions->errorHandler(2, 'Undefined variable $tampilTertinggi', 'APPPATH\\Views\\Home.php', 20)
 2 SYSTEMPATH\View\View.php(213): include('APPPATH\\Views\\Home.php')
 3 SYSTEMPATH\View\View.php(216): CodeIgniter\View\View->CodeIgniter\View\{closure}()
 4 SYSTEMPATH\Common.php(1177): CodeIgniter\View\View->render('Home', [], true)
 5 APPPATH\Controllers\Apps.php(73): view('Home', [...])
 6 SYSTEMPATH\CodeIgniter.php(937): App\Controllers\Apps->index()
 7 SYSTEMPATH\CodeIgniter.php(502): CodeIgniter\CodeIgniter->runController(Object(App\Controllers\Apps))
 8 SYSTEMPATH\CodeIgniter.php(371): CodeIgniter\CodeIgniter->handleRequest(null, Object(Config\Cache), false)
 9 FCPATH\index.php(67): CodeIgniter\CodeIgniter->run()
10 SYSTEMPATH\Commands\Server\rewrite.php(47): require_once('FCPATH\\index.php')
CRITICAL - 2023-09-23 10:46:26 --> Undefined variable $tampilTertinggi
in APPPATH\Views\Home.php on line 20.
 1 APPPATH\Views\Home.php(20): CodeIgniter\Debug\Exceptions->errorHandler(2, 'Undefined variable $tampilTertinggi', 'APPPATH\\Views\\Home.php', 20)
 2 SYSTEMPATH\View\View.php(213): include('APPPATH\\Views\\Home.php')
 3 SYSTEMPATH\View\View.php(216): CodeIgniter\View\View->CodeIgniter\View\{closure}()
 4 SYSTEMPATH\Common.php(1177): CodeIgniter\View\View->render('Home', [], true)
 5 APPPATH\Controllers\Apps.php(73): view('Home', [...])
 6 SYSTEMPATH\CodeIgniter.php(937): App\Controllers\Apps->index()
 7 SYSTEMPATH\CodeIgniter.php(502): CodeIgniter\CodeIgniter->runController(Object(App\Controllers\Apps))
 8 SYSTEMPATH\CodeIgniter.php(371): CodeIgniter\CodeIgniter->handleRequest(null, Object(Config\Cache), false)
 9 FCPATH\index.php(67): CodeIgniter\CodeIgniter->run()
10 SYSTEMPATH\Commands\Server\rewrite.php(47): require_once('FCPATH\\index.php')
