INFO - 2023-08-30 08:55:38 --> Session: Class initialized using 'CodeIgniter\Session\Handlers\FileHandler' driver.
CRITICAL - 2023-08-30 08:55:46 --> Undefined variable $vb
in APPPATH\Views\Pages\Map.php on line 77.
 1 APPPATH\Views\Pages\Map.php(77): CodeIgniter\Debug\Exceptions->errorHandler(2, 'Undefined variable $vb', 'APPPATH\\Views\\Pages\\Map.php', 77)
 2 SYSTEMPATH\View\View.php(213): include('APPPATH\\Views\\Pages\\Map.php')
 3 SYSTEMPATH\View\View.php(216): CodeIgniter\View\View->CodeIgniter\View\{closure}()
 4 SYSTEMPATH\Common.php(1177): CodeIgniter\View\View->render('Pages/Map', [], true)
 5 APPPATH\Controllers\Apps.php(296): view('Pages/Map', [...])
 6 SYSTEMPATH\CodeIgniter.php(934): App\Controllers\Apps->Peta()
 7 SYSTEMPATH\CodeIgniter.php(499): CodeIgniter\CodeIgniter->runController(Object(App\Controllers\Apps))
 8 SYSTEMPATH\CodeIgniter.php(368): CodeIgniter\CodeIgniter->handleRequest(null, Object(Config\Cache), false)
 9 FCPATH\index.php(67): CodeIgniter\CodeIgniter->run()
10 SYSTEMPATH\Commands\Server\rewrite.php(47): require_once('FCPATH\\index.php')
CRITICAL - 2023-08-30 08:55:52 --> Undefined variable $vb
in APPPATH\Views\Pages\Map.php on line 77.
 1 APPPATH\Views\Pages\Map.php(77): CodeIgniter\Debug\Exceptions->errorHandler(2, 'Undefined variable $vb', 'APPPATH\\Views\\Pages\\Map.php', 77)
 2 SYSTEMPATH\View\View.php(213): include('APPPATH\\Views\\Pages\\Map.php')
 3 SYSTEMPATH\View\View.php(216): CodeIgniter\View\View->CodeIgniter\View\{closure}()
 4 SYSTEMPATH\Common.php(1177): CodeIgniter\View\View->render('Pages/Map', [], true)
 5 APPPATH\Controllers\Apps.php(296): view('Pages/Map', [...])
 6 SYSTEMPATH\CodeIgniter.php(934): App\Controllers\Apps->Peta()
 7 SYSTEMPATH\CodeIgniter.php(499): CodeIgniter\CodeIgniter->runController(Object(App\Controllers\Apps))
 8 SYSTEMPATH\CodeIgniter.php(368): CodeIgniter\CodeIgniter->handleRequest(null, Object(Config\Cache), false)
 9 FCPATH\index.php(67): CodeIgniter\CodeIgniter->run()
10 SYSTEMPATH\Commands\Server\rewrite.php(47): require_once('FCPATH\\index.php')
CRITICAL - 2023-08-30 08:56:50 --> Undefined variable $vb
in APPPATH\Views\Pages\Map.php on line 77.
 1 APPPATH\Views\Pages\Map.php(77): CodeIgniter\Debug\Exceptions->errorHandler(2, 'Undefined variable $vb', 'APPPATH\\Views\\Pages\\Map.php', 77)
 2 SYSTEMPATH\View\View.php(213): include('APPPATH\\Views\\Pages\\Map.php')
 3 SYSTEMPATH\View\View.php(216): CodeIgniter\View\View->CodeIgniter\View\{closure}()
 4 SYSTEMPATH\Common.php(1177): CodeIgniter\View\View->render('Pages/Map', [], true)
 5 APPPATH\Controllers\Apps.php(296): view('Pages/Map', [...])
 6 SYSTEMPATH\CodeIgniter.php(934): App\Controllers\Apps->Peta()
 7 SYSTEMPATH\CodeIgniter.php(499): CodeIgniter\CodeIgniter->runController(Object(App\Controllers\Apps))
 8 SYSTEMPATH\CodeIgniter.php(368): CodeIgniter\CodeIgniter->handleRequest(null, Object(Config\Cache), false)
 9 FCPATH\index.php(67): CodeIgniter\CodeIgniter->run()
10 SYSTEMPATH\Commands\Server\rewrite.php(47): require_once('FCPATH\\index.php')
CRITICAL - 2023-08-30 09:06:44 --> Undefined variable $datacount
in APPPATH\Views\Pages\Map.php on line 86.
 1 APPPATH\Views\Pages\Map.php(86): CodeIgniter\Debug\Exceptions->errorHandler(2, 'Undefined variable $datacount', 'APPPATH\\Views\\Pages\\Map.php', 86)
 2 SYSTEMPATH\View\View.php(213): include('APPPATH\\Views\\Pages\\Map.php')
 3 SYSTEMPATH\View\View.php(216): CodeIgniter\View\View->CodeIgniter\View\{closure}()
 4 SYSTEMPATH\Common.php(1177): CodeIgniter\View\View->render('Pages/Map', [], true)
 5 APPPATH\Controllers\Apps.php(296): view('Pages/Map', [...])
 6 SYSTEMPATH\CodeIgniter.php(934): App\Controllers\Apps->Peta()
 7 SYSTEMPATH\CodeIgniter.php(499): CodeIgniter\CodeIgniter->runController(Object(App\Controllers\Apps))
 8 SYSTEMPATH\CodeIgniter.php(368): CodeIgniter\CodeIgniter->handleRequest(null, Object(Config\Cache), false)
 9 FCPATH\index.php(67): CodeIgniter\CodeIgniter->run()
10 SYSTEMPATH\Commands\Server\rewrite.php(47): require_once('FCPATH\\index.php')
CRITICAL - 2023-08-30 09:38:14 --> Undefined variable $totalKecamatan
in APPPATH\Views\Pages\Map.php on line 88.
 1 APPPATH\Views\Pages\Map.php(88): CodeIgniter\Debug\Exceptions->errorHandler(2, 'Undefined variable $totalKecamatan', 'APPPATH\\Views\\Pages\\Map.php', 88)
 2 SYSTEMPATH\View\View.php(213): include('APPPATH\\Views\\Pages\\Map.php')
 3 SYSTEMPATH\View\View.php(216): CodeIgniter\View\View->CodeIgniter\View\{closure}()
 4 SYSTEMPATH\Common.php(1177): CodeIgniter\View\View->render('Pages/Map', [], true)
 5 APPPATH\Controllers\Apps.php(296): view('Pages/Map', [...])
 6 SYSTEMPATH\CodeIgniter.php(934): App\Controllers\Apps->Peta()
 7 SYSTEMPATH\CodeIgniter.php(499): CodeIgniter\CodeIgniter->runController(Object(App\Controllers\Apps))
 8 SYSTEMPATH\CodeIgniter.php(368): CodeIgniter\CodeIgniter->handleRequest(null, Object(Config\Cache), false)
 9 FCPATH\index.php(67): CodeIgniter\CodeIgniter->run()
10 SYSTEMPATH\Commands\Server\rewrite.php(47): require_once('FCPATH\\index.php')
CRITICAL - 2023-08-30 09:38:40 --> Undefined variable $totalKecamatan
in APPPATH\Views\Pages\Map.php on line 88.
 1 APPPATH\Views\Pages\Map.php(88): CodeIgniter\Debug\Exceptions->errorHandler(2, 'Undefined variable $totalKecamatan', 'APPPATH\\Views\\Pages\\Map.php', 88)
 2 SYSTEMPATH\View\View.php(213): include('APPPATH\\Views\\Pages\\Map.php')
 3 SYSTEMPATH\View\View.php(216): CodeIgniter\View\View->CodeIgniter\View\{closure}()
 4 SYSTEMPATH\Common.php(1177): CodeIgniter\View\View->render('Pages/Map', [], true)
 5 APPPATH\Controllers\Apps.php(296): view('Pages/Map', [...])
 6 SYSTEMPATH\CodeIgniter.php(934): App\Controllers\Apps->Peta()
 7 SYSTEMPATH\CodeIgniter.php(499): CodeIgniter\CodeIgniter->runController(Object(App\Controllers\Apps))
 8 SYSTEMPATH\CodeIgniter.php(368): CodeIgniter\CodeIgniter->handleRequest(null, Object(Config\Cache), false)
 9 FCPATH\index.php(67): CodeIgniter\CodeIgniter->run()
10 SYSTEMPATH\Commands\Server\rewrite.php(47): require_once('FCPATH\\index.php')
CRITICAL - 2023-08-30 09:39:07 --> Undefined variable $totalKecamatan
in APPPATH\Views\Pages\Map.php on line 88.
 1 APPPATH\Views\Pages\Map.php(88): CodeIgniter\Debug\Exceptions->errorHandler(2, 'Undefined variable $totalKecamatan', 'APPPATH\\Views\\Pages\\Map.php', 88)
 2 SYSTEMPATH\View\View.php(213): include('APPPATH\\Views\\Pages\\Map.php')
 3 SYSTEMPATH\View\View.php(216): CodeIgniter\View\View->CodeIgniter\View\{closure}()
 4 SYSTEMPATH\Common.php(1177): CodeIgniter\View\View->render('Pages/Map', [], true)
 5 APPPATH\Controllers\Apps.php(296): view('Pages/Map', [...])
 6 SYSTEMPATH\CodeIgniter.php(934): App\Controllers\Apps->Peta()
 7 SYSTEMPATH\CodeIgniter.php(499): CodeIgniter\CodeIgniter->runController(Object(App\Controllers\Apps))
 8 SYSTEMPATH\CodeIgniter.php(368): CodeIgniter\CodeIgniter->handleRequest(null, Object(Config\Cache), false)
 9 FCPATH\index.php(67): CodeIgniter\CodeIgniter->run()
10 SYSTEMPATH\Commands\Server\rewrite.php(47): require_once('FCPATH\\index.php')
CRITICAL - 2023-08-30 09:39:09 --> Undefined variable $totalKecamatan
in APPPATH\Views\Pages\Map.php on line 88.
 1 APPPATH\Views\Pages\Map.php(88): CodeIgniter\Debug\Exceptions->errorHandler(2, 'Undefined variable $totalKecamatan', 'APPPATH\\Views\\Pages\\Map.php', 88)
 2 SYSTEMPATH\View\View.php(213): include('APPPATH\\Views\\Pages\\Map.php')
 3 SYSTEMPATH\View\View.php(216): CodeIgniter\View\View->CodeIgniter\View\{closure}()
 4 SYSTEMPATH\Common.php(1177): CodeIgniter\View\View->render('Pages/Map', [], true)
 5 APPPATH\Controllers\Apps.php(296): view('Pages/Map', [...])
 6 SYSTEMPATH\CodeIgniter.php(934): App\Controllers\Apps->Peta()
 7 SYSTEMPATH\CodeIgniter.php(499): CodeIgniter\CodeIgniter->runController(Object(App\Controllers\Apps))
 8 SYSTEMPATH\CodeIgniter.php(368): CodeIgniter\CodeIgniter->handleRequest(null, Object(Config\Cache), false)
 9 FCPATH\index.php(67): CodeIgniter\CodeIgniter->run()
10 SYSTEMPATH\Commands\Server\rewrite.php(47): require_once('FCPATH\\index.php')
CRITICAL - 2023-08-30 09:39:12 --> Undefined variable $totalKecamatan
in APPPATH\Views\Pages\Map.php on line 88.
 1 APPPATH\Views\Pages\Map.php(88): CodeIgniter\Debug\Exceptions->errorHandler(2, 'Undefined variable $totalKecamatan', 'APPPATH\\Views\\Pages\\Map.php', 88)
 2 SYSTEMPATH\View\View.php(213): include('APPPATH\\Views\\Pages\\Map.php')
 3 SYSTEMPATH\View\View.php(216): CodeIgniter\View\View->CodeIgniter\View\{closure}()
 4 SYSTEMPATH\Common.php(1177): CodeIgniter\View\View->render('Pages/Map', [], true)
 5 APPPATH\Controllers\Apps.php(296): view('Pages/Map', [...])
 6 SYSTEMPATH\CodeIgniter.php(934): App\Controllers\Apps->Peta()
 7 SYSTEMPATH\CodeIgniter.php(499): CodeIgniter\CodeIgniter->runController(Object(App\Controllers\Apps))
 8 SYSTEMPATH\CodeIgniter.php(368): CodeIgniter\CodeIgniter->handleRequest(null, Object(Config\Cache), false)
 9 FCPATH\index.php(67): CodeIgniter\CodeIgniter->run()
10 SYSTEMPATH\Commands\Server\rewrite.php(47): require_once('FCPATH\\index.php')
CRITICAL - 2023-08-30 09:42:17 --> Unsupported operand types: int + string
in APPPATH\Views\Pages\Map.php on line 87.
 1 SYSTEMPATH\View\View.php(213): include()
 2 SYSTEMPATH\View\View.php(216): CodeIgniter\View\View->CodeIgniter\View\{closure}()
 3 SYSTEMPATH\Common.php(1177): CodeIgniter\View\View->render('Pages/Map', [], true)
 4 APPPATH\Controllers\Apps.php(296): view('Pages/Map', [...])
 5 SYSTEMPATH\CodeIgniter.php(934): App\Controllers\Apps->Peta()
 6 SYSTEMPATH\CodeIgniter.php(499): CodeIgniter\CodeIgniter->runController(Object(App\Controllers\Apps))
 7 SYSTEMPATH\CodeIgniter.php(368): CodeIgniter\CodeIgniter->handleRequest(null, Object(Config\Cache), false)
 8 FCPATH\index.php(67): CodeIgniter\CodeIgniter->run()
 9 SYSTEMPATH\Commands\Server\rewrite.php(47): require_once('FCPATH\\index.php')
CRITICAL - 2023-08-30 09:48:36 --> Call to undefined method App\Models\Diagnosis::sum
in SYSTEMPATH\Model.php on line 840.
 1 APPPATH\Controllers\Apps.php(294): CodeIgniter\Model->__call('sum', [...])
 2 SYSTEMPATH\CodeIgniter.php(934): App\Controllers\Apps->Peta()
 3 SYSTEMPATH\CodeIgniter.php(499): CodeIgniter\CodeIgniter->runController(Object(App\Controllers\Apps))
 4 SYSTEMPATH\CodeIgniter.php(368): CodeIgniter\CodeIgniter->handleRequest(null, Object(Config\Cache), false)
 5 FCPATH\index.php(67): CodeIgniter\CodeIgniter->run()
 6 SYSTEMPATH\Commands\Server\rewrite.php(47): require_once('FCPATH\\index.php')
CRITICAL - 2023-08-30 09:52:15 --> Undefined variable $Diagnosis
in APPPATH\Views\Pages\Map.php on line 89.
 1 APPPATH\Views\Pages\Map.php(89): CodeIgniter\Debug\Exceptions->errorHandler(2, 'Undefined variable $Diagnosis', 'APPPATH\\Views\\Pages\\Map.php', 89)
 2 SYSTEMPATH\View\View.php(213): include('APPPATH\\Views\\Pages\\Map.php')
 3 SYSTEMPATH\View\View.php(216): CodeIgniter\View\View->CodeIgniter\View\{closure}()
 4 SYSTEMPATH\Common.php(1177): CodeIgniter\View\View->render('Pages/Map', [], true)
 5 APPPATH\Controllers\Apps.php(296): view('Pages/Map', [...])
 6 SYSTEMPATH\CodeIgniter.php(934): App\Controllers\Apps->Peta()
 7 SYSTEMPATH\CodeIgniter.php(499): CodeIgniter\CodeIgniter->runController(Object(App\Controllers\Apps))
 8 SYSTEMPATH\CodeIgniter.php(368): CodeIgniter\CodeIgniter->handleRequest(null, Object(Config\Cache), false)
 9 FCPATH\index.php(67): CodeIgniter\CodeIgniter->run()
10 SYSTEMPATH\Commands\Server\rewrite.php(47): require_once('FCPATH\\index.php')
CRITICAL - 2023-08-30 09:53:16 --> Array to string conversion
in APPPATH\Views\Pages\Map.php on line 89.
 1 APPPATH\Views\Pages\Map.php(89): CodeIgniter\Debug\Exceptions->errorHandler(2, 'Array to string conversion', 'APPPATH\\Views\\Pages\\Map.php', 89)
 2 SYSTEMPATH\View\View.php(213): include('APPPATH\\Views\\Pages\\Map.php')
 3 SYSTEMPATH\View\View.php(216): CodeIgniter\View\View->CodeIgniter\View\{closure}()
 4 SYSTEMPATH\Common.php(1177): CodeIgniter\View\View->render('Pages/Map', [], true)
 5 APPPATH\Controllers\Apps.php(296): view('Pages/Map', [...])
 6 SYSTEMPATH\CodeIgniter.php(934): App\Controllers\Apps->Peta()
 7 SYSTEMPATH\CodeIgniter.php(499): CodeIgniter\CodeIgniter->runController(Object(App\Controllers\Apps))
 8 SYSTEMPATH\CodeIgniter.php(368): CodeIgniter\CodeIgniter->handleRequest(null, Object(Config\Cache), false)
 9 FCPATH\index.php(67): CodeIgniter\CodeIgniter->run()
10 SYSTEMPATH\Commands\Server\rewrite.php(47): require_once('FCPATH\\index.php')
CRITICAL - 2023-08-30 09:53:17 --> Array to string conversion
in APPPATH\Views\Pages\Map.php on line 89.
 1 APPPATH\Views\Pages\Map.php(89): CodeIgniter\Debug\Exceptions->errorHandler(2, 'Array to string conversion', 'APPPATH\\Views\\Pages\\Map.php', 89)
 2 SYSTEMPATH\View\View.php(213): include('APPPATH\\Views\\Pages\\Map.php')
 3 SYSTEMPATH\View\View.php(216): CodeIgniter\View\View->CodeIgniter\View\{closure}()
 4 SYSTEMPATH\Common.php(1177): CodeIgniter\View\View->render('Pages/Map', [], true)
 5 APPPATH\Controllers\Apps.php(296): view('Pages/Map', [...])
 6 SYSTEMPATH\CodeIgniter.php(934): App\Controllers\Apps->Peta()
 7 SYSTEMPATH\CodeIgniter.php(499): CodeIgniter\CodeIgniter->runController(Object(App\Controllers\Apps))
 8 SYSTEMPATH\CodeIgniter.php(368): CodeIgniter\CodeIgniter->handleRequest(null, Object(Config\Cache), false)
 9 FCPATH\index.php(67): CodeIgniter\CodeIgniter->run()
10 SYSTEMPATH\Commands\Server\rewrite.php(47): require_once('FCPATH\\index.php')
CRITICAL - 2023-08-30 09:53:18 --> Array to string conversion
in APPPATH\Views\Pages\Map.php on line 89.
 1 APPPATH\Views\Pages\Map.php(89): CodeIgniter\Debug\Exceptions->errorHandler(2, 'Array to string conversion', 'APPPATH\\Views\\Pages\\Map.php', 89)
 2 SYSTEMPATH\View\View.php(213): include('APPPATH\\Views\\Pages\\Map.php')
 3 SYSTEMPATH\View\View.php(216): CodeIgniter\View\View->CodeIgniter\View\{closure}()
 4 SYSTEMPATH\Common.php(1177): CodeIgniter\View\View->render('Pages/Map', [], true)
 5 APPPATH\Controllers\Apps.php(296): view('Pages/Map', [...])
 6 SYSTEMPATH\CodeIgniter.php(934): App\Controllers\Apps->Peta()
 7 SYSTEMPATH\CodeIgniter.php(499): CodeIgniter\CodeIgniter->runController(Object(App\Controllers\Apps))
 8 SYSTEMPATH\CodeIgniter.php(368): CodeIgniter\CodeIgniter->handleRequest(null, Object(Config\Cache), false)
 9 FCPATH\index.php(67): CodeIgniter\CodeIgniter->run()
10 SYSTEMPATH\Commands\Server\rewrite.php(47): require_once('FCPATH\\index.php')
CRITICAL - 2023-08-30 09:53:18 --> Array to string conversion
in APPPATH\Views\Pages\Map.php on line 89.
 1 APPPATH\Views\Pages\Map.php(89): CodeIgniter\Debug\Exceptions->errorHandler(2, 'Array to string conversion', 'APPPATH\\Views\\Pages\\Map.php', 89)
 2 SYSTEMPATH\View\View.php(213): include('APPPATH\\Views\\Pages\\Map.php')
 3 SYSTEMPATH\View\View.php(216): CodeIgniter\View\View->CodeIgniter\View\{closure}()
 4 SYSTEMPATH\Common.php(1177): CodeIgniter\View\View->render('Pages/Map', [], true)
 5 APPPATH\Controllers\Apps.php(296): view('Pages/Map', [...])
 6 SYSTEMPATH\CodeIgniter.php(934): App\Controllers\Apps->Peta()
 7 SYSTEMPATH\CodeIgniter.php(499): CodeIgniter\CodeIgniter->runController(Object(App\Controllers\Apps))
 8 SYSTEMPATH\CodeIgniter.php(368): CodeIgniter\CodeIgniter->handleRequest(null, Object(Config\Cache), false)
 9 FCPATH\index.php(67): CodeIgniter\CodeIgniter->run()
10 SYSTEMPATH\Commands\Server\rewrite.php(47): require_once('FCPATH\\index.php')
CRITICAL - 2023-08-30 09:53:18 --> Array to string conversion
in APPPATH\Views\Pages\Map.php on line 89.
 1 APPPATH\Views\Pages\Map.php(89): CodeIgniter\Debug\Exceptions->errorHandler(2, 'Array to string conversion', 'APPPATH\\Views\\Pages\\Map.php', 89)
 2 SYSTEMPATH\View\View.php(213): include('APPPATH\\Views\\Pages\\Map.php')
 3 SYSTEMPATH\View\View.php(216): CodeIgniter\View\View->CodeIgniter\View\{closure}()
 4 SYSTEMPATH\Common.php(1177): CodeIgniter\View\View->render('Pages/Map', [], true)
 5 APPPATH\Controllers\Apps.php(296): view('Pages/Map', [...])
 6 SYSTEMPATH\CodeIgniter.php(934): App\Controllers\Apps->Peta()
 7 SYSTEMPATH\CodeIgniter.php(499): CodeIgniter\CodeIgniter->runController(Object(App\Controllers\Apps))
 8 SYSTEMPATH\CodeIgniter.php(368): CodeIgniter\CodeIgniter->handleRequest(null, Object(Config\Cache), false)
 9 FCPATH\index.php(67): CodeIgniter\CodeIgniter->run()
10 SYSTEMPATH\Commands\Server\rewrite.php(47): require_once('FCPATH\\index.php')
CRITICAL - 2023-08-30 09:53:32 --> Undefined variable $Diagnosis
in APPPATH\Views\Pages\Map.php on line 89.
 1 APPPATH\Views\Pages\Map.php(89): CodeIgniter\Debug\Exceptions->errorHandler(2, 'Undefined variable $Diagnosis', 'APPPATH\\Views\\Pages\\Map.php', 89)
 2 SYSTEMPATH\View\View.php(213): include('APPPATH\\Views\\Pages\\Map.php')
 3 SYSTEMPATH\View\View.php(216): CodeIgniter\View\View->CodeIgniter\View\{closure}()
 4 SYSTEMPATH\Common.php(1177): CodeIgniter\View\View->render('Pages/Map', [], true)
 5 APPPATH\Controllers\Apps.php(296): view('Pages/Map', [...])
 6 SYSTEMPATH\CodeIgniter.php(934): App\Controllers\Apps->Peta()
 7 SYSTEMPATH\CodeIgniter.php(499): CodeIgniter\CodeIgniter->runController(Object(App\Controllers\Apps))
 8 SYSTEMPATH\CodeIgniter.php(368): CodeIgniter\CodeIgniter->handleRequest(null, Object(Config\Cache), false)
 9 FCPATH\index.php(67): CodeIgniter\CodeIgniter->run()
10 SYSTEMPATH\Commands\Server\rewrite.php(47): require_once('FCPATH\\index.php')
CRITICAL - 2023-08-30 09:53:46 --> Array to string conversion
in APPPATH\Views\Pages\Map.php on line 89.
 1 APPPATH\Views\Pages\Map.php(89): CodeIgniter\Debug\Exceptions->errorHandler(2, 'Array to string conversion', 'APPPATH\\Views\\Pages\\Map.php', 89)
 2 SYSTEMPATH\View\View.php(213): include('APPPATH\\Views\\Pages\\Map.php')
 3 SYSTEMPATH\View\View.php(216): CodeIgniter\View\View->CodeIgniter\View\{closure}()
 4 SYSTEMPATH\Common.php(1177): CodeIgniter\View\View->render('Pages/Map', [], true)
 5 APPPATH\Controllers\Apps.php(296): view('Pages/Map', [...])
 6 SYSTEMPATH\CodeIgniter.php(934): App\Controllers\Apps->Peta()
 7 SYSTEMPATH\CodeIgniter.php(499): CodeIgniter\CodeIgniter->runController(Object(App\Controllers\Apps))
 8 SYSTEMPATH\CodeIgniter.php(368): CodeIgniter\CodeIgniter->handleRequest(null, Object(Config\Cache), false)
 9 FCPATH\index.php(67): CodeIgniter\CodeIgniter->run()
10 SYSTEMPATH\Commands\Server\rewrite.php(47): require_once('FCPATH\\index.php')
CRITICAL - 2023-08-30 09:54:53 --> Array to string conversion
in APPPATH\Views\Pages\Map.php on line 88.
 1 APPPATH\Views\Pages\Map.php(88): CodeIgniter\Debug\Exceptions->errorHandler(2, 'Array to string conversion', 'APPPATH\\Views\\Pages\\Map.php', 88)
 2 SYSTEMPATH\View\View.php(213): include('APPPATH\\Views\\Pages\\Map.php')
 3 SYSTEMPATH\View\View.php(216): CodeIgniter\View\View->CodeIgniter\View\{closure}()
 4 SYSTEMPATH\Common.php(1177): CodeIgniter\View\View->render('Pages/Map', [], true)
 5 APPPATH\Controllers\Apps.php(296): view('Pages/Map', [...])
 6 SYSTEMPATH\CodeIgniter.php(934): App\Controllers\Apps->Peta()
 7 SYSTEMPATH\CodeIgniter.php(499): CodeIgniter\CodeIgniter->runController(Object(App\Controllers\Apps))
 8 SYSTEMPATH\CodeIgniter.php(368): CodeIgniter\CodeIgniter->handleRequest(null, Object(Config\Cache), false)
 9 FCPATH\index.php(67): CodeIgniter\CodeIgniter->run()
10 SYSTEMPATH\Commands\Server\rewrite.php(47): require_once('FCPATH\\index.php')
CRITICAL - 2023-08-30 09:55:12 --> Array to string conversion
in APPPATH\Views\Pages\Map.php on line 88.
 1 APPPATH\Views\Pages\Map.php(88): CodeIgniter\Debug\Exceptions->errorHandler(2, 'Array to string conversion', 'APPPATH\\Views\\Pages\\Map.php', 88)
 2 SYSTEMPATH\View\View.php(213): include('APPPATH\\Views\\Pages\\Map.php')
 3 SYSTEMPATH\View\View.php(216): CodeIgniter\View\View->CodeIgniter\View\{closure}()
 4 SYSTEMPATH\Common.php(1177): CodeIgniter\View\View->render('Pages/Map', [], true)
 5 APPPATH\Controllers\Apps.php(296): view('Pages/Map', [...])
 6 SYSTEMPATH\CodeIgniter.php(934): App\Controllers\Apps->Peta()
 7 SYSTEMPATH\CodeIgniter.php(499): CodeIgniter\CodeIgniter->runController(Object(App\Controllers\Apps))
 8 SYSTEMPATH\CodeIgniter.php(368): CodeIgniter\CodeIgniter->handleRequest(null, Object(Config\Cache), false)
 9 FCPATH\index.php(67): CodeIgniter\CodeIgniter->run()
10 SYSTEMPATH\Commands\Server\rewrite.php(47): require_once('FCPATH\\index.php')
CRITICAL - 2023-08-30 09:55:18 --> Array to string conversion
in APPPATH\Views\Pages\Map.php on line 88.
 1 APPPATH\Views\Pages\Map.php(88): CodeIgniter\Debug\Exceptions->errorHandler(2, 'Array to string conversion', 'APPPATH\\Views\\Pages\\Map.php', 88)
 2 SYSTEMPATH\View\View.php(213): include('APPPATH\\Views\\Pages\\Map.php')
 3 SYSTEMPATH\View\View.php(216): CodeIgniter\View\View->CodeIgniter\View\{closure}()
 4 SYSTEMPATH\Common.php(1177): CodeIgniter\View\View->render('Pages/Map', [], true)
 5 APPPATH\Controllers\Apps.php(296): view('Pages/Map', [...])
 6 SYSTEMPATH\CodeIgniter.php(934): App\Controllers\Apps->Peta()
 7 SYSTEMPATH\CodeIgniter.php(499): CodeIgniter\CodeIgniter->runController(Object(App\Controllers\Apps))
 8 SYSTEMPATH\CodeIgniter.php(368): CodeIgniter\CodeIgniter->handleRequest(null, Object(Config\Cache), false)
 9 FCPATH\index.php(67): CodeIgniter\CodeIgniter->run()
10 SYSTEMPATH\Commands\Server\rewrite.php(47): require_once('FCPATH\\index.php')
CRITICAL - 2023-08-30 10:00:11 --> Undefined variable $Diagnosis
in APPPATH\Views\Pages\Map.php on line 88.
 1 APPPATH\Views\Pages\Map.php(88): CodeIgniter\Debug\Exceptions->errorHandler(2, 'Undefined variable $Diagnosis', 'APPPATH\\Views\\Pages\\Map.php', 88)
 2 SYSTEMPATH\View\View.php(213): include('APPPATH\\Views\\Pages\\Map.php')
 3 SYSTEMPATH\View\View.php(216): CodeIgniter\View\View->CodeIgniter\View\{closure}()
 4 SYSTEMPATH\Common.php(1177): CodeIgniter\View\View->render('Pages/Map', [], true)
 5 APPPATH\Controllers\Apps.php(298): view('Pages/Map', [...])
 6 SYSTEMPATH\CodeIgniter.php(934): App\Controllers\Apps->Peta()
 7 SYSTEMPATH\CodeIgniter.php(499): CodeIgniter\CodeIgniter->runController(Object(App\Controllers\Apps))
 8 SYSTEMPATH\CodeIgniter.php(368): CodeIgniter\CodeIgniter->handleRequest(null, Object(Config\Cache), false)
 9 FCPATH\index.php(67): CodeIgniter\CodeIgniter->run()
10 SYSTEMPATH\Commands\Server\rewrite.php(47): require_once('FCPATH\\index.php')
CRITICAL - 2023-08-30 10:04:39 --> Object of class App\Models\Diagnosis could not be converted to string
in APPPATH\Views\Pages\Map.php on line 88.
 1 SYSTEMPATH\View\View.php(213): include()
 2 SYSTEMPATH\View\View.php(216): CodeIgniter\View\View->CodeIgniter\View\{closure}()
 3 SYSTEMPATH\Common.php(1177): CodeIgniter\View\View->render('Pages/Map', [], true)
 4 APPPATH\Controllers\Apps.php(299): view('Pages/Map', [...])
 5 SYSTEMPATH\CodeIgniter.php(934): App\Controllers\Apps->Peta()
 6 SYSTEMPATH\CodeIgniter.php(499): CodeIgniter\CodeIgniter->runController(Object(App\Controllers\Apps))
 7 SYSTEMPATH\CodeIgniter.php(368): CodeIgniter\CodeIgniter->handleRequest(null, Object(Config\Cache), false)
 8 FCPATH\index.php(67): CodeIgniter\CodeIgniter->run()
 9 SYSTEMPATH\Commands\Server\rewrite.php(47): require_once('FCPATH\\index.php')
CRITICAL - 2023-08-30 10:26:07 --> CodeIgniter\Database\BaseBuilder::like(): Argument #2 ($match) must be of type string, array given, called in D:\APP\XAMPP\htdocs\bayes\vendor\codeigniter4\framework\system\Model.php on line 838
in SYSTEMPATH\Database\BaseBuilder.php on line 970.
 1 SYSTEMPATH\Model.php(838): CodeIgniter\Database\BaseBuilder->like('kecamatan', [...])
 2 APPPATH\Controllers\Apps.php(293): CodeIgniter\Model->__call('like', [...])
 3 SYSTEMPATH\CodeIgniter.php(934): App\Controllers\Apps->Peta()
 4 SYSTEMPATH\CodeIgniter.php(499): CodeIgniter\CodeIgniter->runController(Object(App\Controllers\Apps))
 5 SYSTEMPATH\CodeIgniter.php(368): CodeIgniter\CodeIgniter->handleRequest(null, Object(Config\Cache), false)
 6 FCPATH\index.php(67): CodeIgniter\CodeIgniter->run()
 7 SYSTEMPATH\Commands\Server\rewrite.php(47): require_once('FCPATH\\index.php')
CRITICAL - 2023-08-30 10:27:34 --> Array to string conversion
in APPPATH\Views\Pages\Map.php on line 88.
 1 APPPATH\Views\Pages\Map.php(88): CodeIgniter\Debug\Exceptions->errorHandler(2, 'Array to string conversion', 'APPPATH\\Views\\Pages\\Map.php', 88)
 2 SYSTEMPATH\View\View.php(213): include('APPPATH\\Views\\Pages\\Map.php')
 3 SYSTEMPATH\View\View.php(216): CodeIgniter\View\View->CodeIgniter\View\{closure}()
 4 SYSTEMPATH\Common.php(1177): CodeIgniter\View\View->render('Pages/Map', [], true)
 5 APPPATH\Controllers\Apps.php(304): view('Pages/Map', [...])
 6 SYSTEMPATH\CodeIgniter.php(934): App\Controllers\Apps->Peta()
 7 SYSTEMPATH\CodeIgniter.php(499): CodeIgniter\CodeIgniter->runController(Object(App\Controllers\Apps))
 8 SYSTEMPATH\CodeIgniter.php(368): CodeIgniter\CodeIgniter->handleRequest(null, Object(Config\Cache), false)
 9 FCPATH\index.php(67): CodeIgniter\CodeIgniter->run()
10 SYSTEMPATH\Commands\Server\rewrite.php(47): require_once('FCPATH\\index.php')
CRITICAL - 2023-08-30 10:31:30 --> Array to string conversion
in APPPATH\Views\Pages\Map.php on line 89.
 1 APPPATH\Views\Pages\Map.php(89): CodeIgniter\Debug\Exceptions->errorHandler(2, 'Array to string conversion', 'APPPATH\\Views\\Pages\\Map.php', 89)
 2 SYSTEMPATH\View\View.php(213): include('APPPATH\\Views\\Pages\\Map.php')
 3 SYSTEMPATH\View\View.php(216): CodeIgniter\View\View->CodeIgniter\View\{closure}()
 4 SYSTEMPATH\Common.php(1177): CodeIgniter\View\View->render('Pages/Map', [], true)
 5 APPPATH\Controllers\Apps.php(304): view('Pages/Map', [...])
 6 SYSTEMPATH\CodeIgniter.php(934): App\Controllers\Apps->Peta()
 7 SYSTEMPATH\CodeIgniter.php(499): CodeIgniter\CodeIgniter->runController(Object(App\Controllers\Apps))
 8 SYSTEMPATH\CodeIgniter.php(368): CodeIgniter\CodeIgniter->handleRequest(null, Object(Config\Cache), false)
 9 FCPATH\index.php(67): CodeIgniter\CodeIgniter->run()
10 SYSTEMPATH\Commands\Server\rewrite.php(47): require_once('FCPATH\\index.php')
CRITICAL - 2023-08-30 13:14:31 --> Undefined variable $vk
in APPPATH\Views\Pages\Map.php on line 83.
 1 APPPATH\Views\Pages\Map.php(83): CodeIgniter\Debug\Exceptions->errorHandler(2, 'Undefined variable $vk', 'APPPATH\\Views\\Pages\\Map.php', 83)
 2 SYSTEMPATH\View\View.php(213): include('APPPATH\\Views\\Pages\\Map.php')
 3 SYSTEMPATH\View\View.php(216): CodeIgniter\View\View->CodeIgniter\View\{closure}()
 4 SYSTEMPATH\Common.php(1177): CodeIgniter\View\View->render('Pages/Map', [], true)
 5 APPPATH\Controllers\Apps.php(304): view('Pages/Map', [...])
 6 SYSTEMPATH\CodeIgniter.php(934): App\Controllers\Apps->Peta()
 7 SYSTEMPATH\CodeIgniter.php(499): CodeIgniter\CodeIgniter->runController(Object(App\Controllers\Apps))
 8 SYSTEMPATH\CodeIgniter.php(368): CodeIgniter\CodeIgniter->handleRequest(null, Object(Config\Cache), false)
 9 FCPATH\index.php(67): CodeIgniter\CodeIgniter->run()
10 SYSTEMPATH\Commands\Server\rewrite.php(47): require_once('FCPATH\\index.php')
CRITICAL - 2023-08-30 13:14:55 --> Undefined variable $vk
in APPPATH\Views\Pages\Map.php on line 83.
 1 APPPATH\Views\Pages\Map.php(83): CodeIgniter\Debug\Exceptions->errorHandler(2, 'Undefined variable $vk', 'APPPATH\\Views\\Pages\\Map.php', 83)
 2 SYSTEMPATH\View\View.php(213): include('APPPATH\\Views\\Pages\\Map.php')
 3 SYSTEMPATH\View\View.php(216): CodeIgniter\View\View->CodeIgniter\View\{closure}()
 4 SYSTEMPATH\Common.php(1177): CodeIgniter\View\View->render('Pages/Map', [], true)
 5 APPPATH\Controllers\Apps.php(304): view('Pages/Map', [...])
 6 SYSTEMPATH\CodeIgniter.php(934): App\Controllers\Apps->Peta()
 7 SYSTEMPATH\CodeIgniter.php(499): CodeIgniter\CodeIgniter->runController(Object(App\Controllers\Apps))
 8 SYSTEMPATH\CodeIgniter.php(368): CodeIgniter\CodeIgniter->handleRequest(null, Object(Config\Cache), false)
 9 FCPATH\index.php(67): CodeIgniter\CodeIgniter->run()
10 SYSTEMPATH\Commands\Server\rewrite.php(47): require_once('FCPATH\\index.php')
CRITICAL - 2023-08-30 13:15:02 --> Undefined variable $vk
in APPPATH\Views\Pages\Map.php on line 83.
 1 APPPATH\Views\Pages\Map.php(83): CodeIgniter\Debug\Exceptions->errorHandler(2, 'Undefined variable $vk', 'APPPATH\\Views\\Pages\\Map.php', 83)
 2 SYSTEMPATH\View\View.php(213): include('APPPATH\\Views\\Pages\\Map.php')
 3 SYSTEMPATH\View\View.php(216): CodeIgniter\View\View->CodeIgniter\View\{closure}()
 4 SYSTEMPATH\Common.php(1177): CodeIgniter\View\View->render('Pages/Map', [], true)
 5 APPPATH\Controllers\Apps.php(304): view('Pages/Map', [...])
 6 SYSTEMPATH\CodeIgniter.php(934): App\Controllers\Apps->Peta()
 7 SYSTEMPATH\CodeIgniter.php(499): CodeIgniter\CodeIgniter->runController(Object(App\Controllers\Apps))
 8 SYSTEMPATH\CodeIgniter.php(368): CodeIgniter\CodeIgniter->handleRequest(null, Object(Config\Cache), false)
 9 FCPATH\index.php(67): CodeIgniter\CodeIgniter->run()
10 SYSTEMPATH\Commands\Server\rewrite.php(47): require_once('FCPATH\\index.php')
CRITICAL - 2023-08-30 13:15:08 --> syntax error, unexpected token ";"
in APPPATH\Views\Pages\Map.php on line 83.
 1 SYSTEMPATH\View\View.php(216): CodeIgniter\View\View->CodeIgniter\View\{closure}()
 2 SYSTEMPATH\Common.php(1177): CodeIgniter\View\View->render('Pages/Map', [], true)
 3 APPPATH\Controllers\Apps.php(304): view('Pages/Map', [...])
 4 SYSTEMPATH\CodeIgniter.php(934): App\Controllers\Apps->Peta()
 5 SYSTEMPATH\CodeIgniter.php(499): CodeIgniter\CodeIgniter->runController(Object(App\Controllers\Apps))
 6 SYSTEMPATH\CodeIgniter.php(368): CodeIgniter\CodeIgniter->handleRequest(null, Object(Config\Cache), false)
 7 FCPATH\index.php(67): CodeIgniter\CodeIgniter->run()
 8 SYSTEMPATH\Commands\Server\rewrite.php(47): require_once('FCPATH\\index.php')
CRITICAL - 2023-08-30 13:15:17 --> Undefined variable $vk
in APPPATH\Views\Pages\Map.php on line 83.
 1 APPPATH\Views\Pages\Map.php(83): CodeIgniter\Debug\Exceptions->errorHandler(2, 'Undefined variable $vk', 'APPPATH\\Views\\Pages\\Map.php', 83)
 2 SYSTEMPATH\View\View.php(213): include('APPPATH\\Views\\Pages\\Map.php')
 3 SYSTEMPATH\View\View.php(216): CodeIgniter\View\View->CodeIgniter\View\{closure}()
 4 SYSTEMPATH\Common.php(1177): CodeIgniter\View\View->render('Pages/Map', [], true)
 5 APPPATH\Controllers\Apps.php(304): view('Pages/Map', [...])
 6 SYSTEMPATH\CodeIgniter.php(934): App\Controllers\Apps->Peta()
 7 SYSTEMPATH\CodeIgniter.php(499): CodeIgniter\CodeIgniter->runController(Object(App\Controllers\Apps))
 8 SYSTEMPATH\CodeIgniter.php(368): CodeIgniter\CodeIgniter->handleRequest(null, Object(Config\Cache), false)
 9 FCPATH\index.php(67): CodeIgniter\CodeIgniter->run()
10 SYSTEMPATH\Commands\Server\rewrite.php(47): require_once('FCPATH\\index.php')
CRITICAL - 2023-08-30 13:17:12 --> Undefined variable $vk
in APPPATH\Views\Pages\Map.php on line 83.
 1 APPPATH\Views\Pages\Map.php(83): CodeIgniter\Debug\Exceptions->errorHandler(2, 'Undefined variable $vk', 'APPPATH\\Views\\Pages\\Map.php', 83)
 2 SYSTEMPATH\View\View.php(213): include('APPPATH\\Views\\Pages\\Map.php')
 3 SYSTEMPATH\View\View.php(216): CodeIgniter\View\View->CodeIgniter\View\{closure}()
 4 SYSTEMPATH\Common.php(1177): CodeIgniter\View\View->render('Pages/Map', [], true)
 5 APPPATH\Controllers\Apps.php(304): view('Pages/Map', [...])
 6 SYSTEMPATH\CodeIgniter.php(934): App\Controllers\Apps->Peta()
 7 SYSTEMPATH\CodeIgniter.php(499): CodeIgniter\CodeIgniter->runController(Object(App\Controllers\Apps))
 8 SYSTEMPATH\CodeIgniter.php(368): CodeIgniter\CodeIgniter->handleRequest(null, Object(Config\Cache), false)
 9 FCPATH\index.php(67): CodeIgniter\CodeIgniter->run()
10 SYSTEMPATH\Commands\Server\rewrite.php(47): require_once('FCPATH\\index.php')
CRITICAL - 2023-08-30 13:17:17 --> Undefined variable $vk
in APPPATH\Views\Pages\Map.php on line 83.
 1 APPPATH\Views\Pages\Map.php(83): CodeIgniter\Debug\Exceptions->errorHandler(2, 'Undefined variable $vk', 'APPPATH\\Views\\Pages\\Map.php', 83)
 2 SYSTEMPATH\View\View.php(213): include('APPPATH\\Views\\Pages\\Map.php')
 3 SYSTEMPATH\View\View.php(216): CodeIgniter\View\View->CodeIgniter\View\{closure}()
 4 SYSTEMPATH\Common.php(1177): CodeIgniter\View\View->render('Pages/Map', [], true)
 5 APPPATH\Controllers\Apps.php(304): view('Pages/Map', [...])
 6 SYSTEMPATH\CodeIgniter.php(934): App\Controllers\Apps->Peta()
 7 SYSTEMPATH\CodeIgniter.php(499): CodeIgniter\CodeIgniter->runController(Object(App\Controllers\Apps))
 8 SYSTEMPATH\CodeIgniter.php(368): CodeIgniter\CodeIgniter->handleRequest(null, Object(Config\Cache), false)
 9 FCPATH\index.php(67): CodeIgniter\CodeIgniter->run()
10 SYSTEMPATH\Commands\Server\rewrite.php(47): require_once('FCPATH\\index.php')
CRITICAL - 2023-08-30 13:17:18 --> Undefined variable $vk
in APPPATH\Views\Pages\Map.php on line 83.
 1 APPPATH\Views\Pages\Map.php(83): CodeIgniter\Debug\Exceptions->errorHandler(2, 'Undefined variable $vk', 'APPPATH\\Views\\Pages\\Map.php', 83)
 2 SYSTEMPATH\View\View.php(213): include('APPPATH\\Views\\Pages\\Map.php')
 3 SYSTEMPATH\View\View.php(216): CodeIgniter\View\View->CodeIgniter\View\{closure}()
 4 SYSTEMPATH\Common.php(1177): CodeIgniter\View\View->render('Pages/Map', [], true)
 5 APPPATH\Controllers\Apps.php(304): view('Pages/Map', [...])
 6 SYSTEMPATH\CodeIgniter.php(934): App\Controllers\Apps->Peta()
 7 SYSTEMPATH\CodeIgniter.php(499): CodeIgniter\CodeIgniter->runController(Object(App\Controllers\Apps))
 8 SYSTEMPATH\CodeIgniter.php(368): CodeIgniter\CodeIgniter->handleRequest(null, Object(Config\Cache), false)
 9 FCPATH\index.php(67): CodeIgniter\CodeIgniter->run()
10 SYSTEMPATH\Commands\Server\rewrite.php(47): require_once('FCPATH\\index.php')
CRITICAL - 2023-08-30 13:19:23 --> Undefined variable $vk
in APPPATH\Views\Pages\Map.php on line 83.
 1 APPPATH\Views\Pages\Map.php(83): CodeIgniter\Debug\Exceptions->errorHandler(2, 'Undefined variable $vk', 'APPPATH\\Views\\Pages\\Map.php', 83)
 2 SYSTEMPATH\View\View.php(213): include('APPPATH\\Views\\Pages\\Map.php')
 3 SYSTEMPATH\View\View.php(216): CodeIgniter\View\View->CodeIgniter\View\{closure}()
 4 SYSTEMPATH\Common.php(1177): CodeIgniter\View\View->render('Pages/Map', [], true)
 5 APPPATH\Controllers\Apps.php(304): view('Pages/Map', [...])
 6 SYSTEMPATH\CodeIgniter.php(934): App\Controllers\Apps->Peta()
 7 SYSTEMPATH\CodeIgniter.php(499): CodeIgniter\CodeIgniter->runController(Object(App\Controllers\Apps))
 8 SYSTEMPATH\CodeIgniter.php(368): CodeIgniter\CodeIgniter->handleRequest(null, Object(Config\Cache), false)
 9 FCPATH\index.php(67): CodeIgniter\CodeIgniter->run()
10 SYSTEMPATH\Commands\Server\rewrite.php(47): require_once('FCPATH\\index.php')
CRITICAL - 2023-08-30 13:19:23 --> Undefined variable $vk
in APPPATH\Views\Pages\Map.php on line 83.
 1 APPPATH\Views\Pages\Map.php(83): CodeIgniter\Debug\Exceptions->errorHandler(2, 'Undefined variable $vk', 'APPPATH\\Views\\Pages\\Map.php', 83)
 2 SYSTEMPATH\View\View.php(213): include('APPPATH\\Views\\Pages\\Map.php')
 3 SYSTEMPATH\View\View.php(216): CodeIgniter\View\View->CodeIgniter\View\{closure}()
 4 SYSTEMPATH\Common.php(1177): CodeIgniter\View\View->render('Pages/Map', [], true)
 5 APPPATH\Controllers\Apps.php(304): view('Pages/Map', [...])
 6 SYSTEMPATH\CodeIgniter.php(934): App\Controllers\Apps->Peta()
 7 SYSTEMPATH\CodeIgniter.php(499): CodeIgniter\CodeIgniter->runController(Object(App\Controllers\Apps))
 8 SYSTEMPATH\CodeIgniter.php(368): CodeIgniter\CodeIgniter->handleRequest(null, Object(Config\Cache), false)
 9 FCPATH\index.php(67): CodeIgniter\CodeIgniter->run()
10 SYSTEMPATH\Commands\Server\rewrite.php(47): require_once('FCPATH\\index.php')
CRITICAL - 2023-08-30 13:20:26 --> Undefined variable $vb
in APPPATH\Views\Pages\Map.php on line 83.
 1 APPPATH\Views\Pages\Map.php(83): CodeIgniter\Debug\Exceptions->errorHandler(2, 'Undefined variable $vb', 'APPPATH\\Views\\Pages\\Map.php', 83)
 2 SYSTEMPATH\View\View.php(213): include('APPPATH\\Views\\Pages\\Map.php')
 3 SYSTEMPATH\View\View.php(216): CodeIgniter\View\View->CodeIgniter\View\{closure}()
 4 SYSTEMPATH\Common.php(1177): CodeIgniter\View\View->render('Pages/Map', [], true)
 5 APPPATH\Controllers\Apps.php(304): view('Pages/Map', [...])
 6 SYSTEMPATH\CodeIgniter.php(934): App\Controllers\Apps->Peta()
 7 SYSTEMPATH\CodeIgniter.php(499): CodeIgniter\CodeIgniter->runController(Object(App\Controllers\Apps))
 8 SYSTEMPATH\CodeIgniter.php(368): CodeIgniter\CodeIgniter->handleRequest(null, Object(Config\Cache), false)
 9 FCPATH\index.php(67): CodeIgniter\CodeIgniter->run()
10 SYSTEMPATH\Commands\Server\rewrite.php(47): require_once('FCPATH\\index.php')
CRITICAL - 2023-08-30 13:20:31 --> Undefined variable $vb
in APPPATH\Views\Pages\Map.php on line 83.
 1 APPPATH\Views\Pages\Map.php(83): CodeIgniter\Debug\Exceptions->errorHandler(2, 'Undefined variable $vb', 'APPPATH\\Views\\Pages\\Map.php', 83)
 2 SYSTEMPATH\View\View.php(213): include('APPPATH\\Views\\Pages\\Map.php')
 3 SYSTEMPATH\View\View.php(216): CodeIgniter\View\View->CodeIgniter\View\{closure}()
 4 SYSTEMPATH\Common.php(1177): CodeIgniter\View\View->render('Pages/Map', [], true)
 5 APPPATH\Controllers\Apps.php(304): view('Pages/Map', [...])
 6 SYSTEMPATH\CodeIgniter.php(934): App\Controllers\Apps->Peta()
 7 SYSTEMPATH\CodeIgniter.php(499): CodeIgniter\CodeIgniter->runController(Object(App\Controllers\Apps))
 8 SYSTEMPATH\CodeIgniter.php(368): CodeIgniter\CodeIgniter->handleRequest(null, Object(Config\Cache), false)
 9 FCPATH\index.php(67): CodeIgniter\CodeIgniter->run()
10 SYSTEMPATH\Commands\Server\rewrite.php(47): require_once('FCPATH\\index.php')
CRITICAL - 2023-08-30 13:20:45 --> Undefined variable $vb
in APPPATH\Views\Pages\Map.php on line 83.
 1 APPPATH\Views\Pages\Map.php(83): CodeIgniter\Debug\Exceptions->errorHandler(2, 'Undefined variable $vb', 'APPPATH\\Views\\Pages\\Map.php', 83)
 2 SYSTEMPATH\View\View.php(213): include('APPPATH\\Views\\Pages\\Map.php')
 3 SYSTEMPATH\View\View.php(216): CodeIgniter\View\View->CodeIgniter\View\{closure}()
 4 SYSTEMPATH\Common.php(1177): CodeIgniter\View\View->render('Pages/Map', [], true)
 5 APPPATH\Controllers\Apps.php(304): view('Pages/Map', [...])
 6 SYSTEMPATH\CodeIgniter.php(934): App\Controllers\Apps->Peta()
 7 SYSTEMPATH\CodeIgniter.php(499): CodeIgniter\CodeIgniter->runController(Object(App\Controllers\Apps))
 8 SYSTEMPATH\CodeIgniter.php(368): CodeIgniter\CodeIgniter->handleRequest(null, Object(Config\Cache), false)
 9 FCPATH\index.php(67): CodeIgniter\CodeIgniter->run()
10 SYSTEMPATH\Commands\Server\rewrite.php(47): require_once('FCPATH\\index.php')
CRITICAL - 2023-08-30 13:20:46 --> Undefined variable $vb
in APPPATH\Views\Pages\Map.php on line 83.
 1 APPPATH\Views\Pages\Map.php(83): CodeIgniter\Debug\Exceptions->errorHandler(2, 'Undefined variable $vb', 'APPPATH\\Views\\Pages\\Map.php', 83)
 2 SYSTEMPATH\View\View.php(213): include('APPPATH\\Views\\Pages\\Map.php')
 3 SYSTEMPATH\View\View.php(216): CodeIgniter\View\View->CodeIgniter\View\{closure}()
 4 SYSTEMPATH\Common.php(1177): CodeIgniter\View\View->render('Pages/Map', [], true)
 5 APPPATH\Controllers\Apps.php(304): view('Pages/Map', [...])
 6 SYSTEMPATH\CodeIgniter.php(934): App\Controllers\Apps->Peta()
 7 SYSTEMPATH\CodeIgniter.php(499): CodeIgniter\CodeIgniter->runController(Object(App\Controllers\Apps))
 8 SYSTEMPATH\CodeIgniter.php(368): CodeIgniter\CodeIgniter->handleRequest(null, Object(Config\Cache), false)
 9 FCPATH\index.php(67): CodeIgniter\CodeIgniter->run()
10 SYSTEMPATH\Commands\Server\rewrite.php(47): require_once('FCPATH\\index.php')
CRITICAL - 2023-08-30 13:24:29 --> Undefined variable $vb
in APPPATH\Views\Pages\Map.php on line 83.
 1 APPPATH\Views\Pages\Map.php(83): CodeIgniter\Debug\Exceptions->errorHandler(2, 'Undefined variable $vb', 'APPPATH\\Views\\Pages\\Map.php', 83)
 2 SYSTEMPATH\View\View.php(213): include('APPPATH\\Views\\Pages\\Map.php')
 3 SYSTEMPATH\View\View.php(216): CodeIgniter\View\View->CodeIgniter\View\{closure}()
 4 SYSTEMPATH\Common.php(1177): CodeIgniter\View\View->render('Pages/Map', [], true)
 5 APPPATH\Controllers\Apps.php(304): view('Pages/Map', [...])
 6 SYSTEMPATH\CodeIgniter.php(934): App\Controllers\Apps->Peta()
 7 SYSTEMPATH\CodeIgniter.php(499): CodeIgniter\CodeIgniter->runController(Object(App\Controllers\Apps))
 8 SYSTEMPATH\CodeIgniter.php(368): CodeIgniter\CodeIgniter->handleRequest(null, Object(Config\Cache), false)
 9 FCPATH\index.php(67): CodeIgniter\CodeIgniter->run()
10 SYSTEMPATH\Commands\Server\rewrite.php(47): require_once('FCPATH\\index.php')
CRITICAL - 2023-08-30 13:26:40 --> Undefined variable $vb
in APPPATH\Views\Pages\Map.php on line 83.
 1 APPPATH\Views\Pages\Map.php(83): CodeIgniter\Debug\Exceptions->errorHandler(2, 'Undefined variable $vb', 'APPPATH\\Views\\Pages\\Map.php', 83)
 2 SYSTEMPATH\View\View.php(213): include('APPPATH\\Views\\Pages\\Map.php')
 3 SYSTEMPATH\View\View.php(216): CodeIgniter\View\View->CodeIgniter\View\{closure}()
 4 SYSTEMPATH\Common.php(1177): CodeIgniter\View\View->render('Pages/Map', [], true)
 5 APPPATH\Controllers\Apps.php(304): view('Pages/Map', [...])
 6 SYSTEMPATH\CodeIgniter.php(934): App\Controllers\Apps->Peta()
 7 SYSTEMPATH\CodeIgniter.php(499): CodeIgniter\CodeIgniter->runController(Object(App\Controllers\Apps))
 8 SYSTEMPATH\CodeIgniter.php(368): CodeIgniter\CodeIgniter->handleRequest(null, Object(Config\Cache), false)
 9 FCPATH\index.php(67): CodeIgniter\CodeIgniter->run()
10 SYSTEMPATH\Commands\Server\rewrite.php(47): require_once('FCPATH\\index.php')
CRITICAL - 2023-08-30 13:36:30 --> Undefined variable $vb
in APPPATH\Views\Pages\Map.php on line 83.
 1 APPPATH\Views\Pages\Map.php(83): CodeIgniter\Debug\Exceptions->errorHandler(2, 'Undefined variable $vb', 'APPPATH\\Views\\Pages\\Map.php', 83)
 2 SYSTEMPATH\View\View.php(213): include('APPPATH\\Views\\Pages\\Map.php')
 3 SYSTEMPATH\View\View.php(216): CodeIgniter\View\View->CodeIgniter\View\{closure}()
 4 SYSTEMPATH\Common.php(1177): CodeIgniter\View\View->render('Pages/Map', [], true)
 5 APPPATH\Controllers\Apps.php(304): view('Pages/Map', [...])
 6 SYSTEMPATH\CodeIgniter.php(934): App\Controllers\Apps->Peta()
 7 SYSTEMPATH\CodeIgniter.php(499): CodeIgniter\CodeIgniter->runController(Object(App\Controllers\Apps))
 8 SYSTEMPATH\CodeIgniter.php(368): CodeIgniter\CodeIgniter->handleRequest(null, Object(Config\Cache), false)
 9 FCPATH\index.php(67): CodeIgniter\CodeIgniter->run()
10 SYSTEMPATH\Commands\Server\rewrite.php(47): require_once('FCPATH\\index.php')
CRITICAL - 2023-08-30 13:38:45 --> Undefined variable $vb
in APPPATH\Views\Pages\Map.php on line 88.
 1 APPPATH\Views\Pages\Map.php(88): CodeIgniter\Debug\Exceptions->errorHandler(2, 'Undefined variable $vb', 'APPPATH\\Views\\Pages\\Map.php', 88)
 2 SYSTEMPATH\View\View.php(213): include('APPPATH\\Views\\Pages\\Map.php')
 3 SYSTEMPATH\View\View.php(216): CodeIgniter\View\View->CodeIgniter\View\{closure}()
 4 SYSTEMPATH\Common.php(1177): CodeIgniter\View\View->render('Pages/Map', [], true)
 5 APPPATH\Controllers\Apps.php(304): view('Pages/Map', [...])
 6 SYSTEMPATH\CodeIgniter.php(934): App\Controllers\Apps->Peta()
 7 SYSTEMPATH\CodeIgniter.php(499): CodeIgniter\CodeIgniter->runController(Object(App\Controllers\Apps))
 8 SYSTEMPATH\CodeIgniter.php(368): CodeIgniter\CodeIgniter->handleRequest(null, Object(Config\Cache), false)
 9 FCPATH\index.php(67): CodeIgniter\CodeIgniter->run()
10 SYSTEMPATH\Commands\Server\rewrite.php(47): require_once('FCPATH\\index.php')
CRITICAL - 2023-08-30 13:38:46 --> Undefined variable $vb
in APPPATH\Views\Pages\Map.php on line 88.
 1 APPPATH\Views\Pages\Map.php(88): CodeIgniter\Debug\Exceptions->errorHandler(2, 'Undefined variable $vb', 'APPPATH\\Views\\Pages\\Map.php', 88)
 2 SYSTEMPATH\View\View.php(213): include('APPPATH\\Views\\Pages\\Map.php')
 3 SYSTEMPATH\View\View.php(216): CodeIgniter\View\View->CodeIgniter\View\{closure}()
 4 SYSTEMPATH\Common.php(1177): CodeIgniter\View\View->render('Pages/Map', [], true)
 5 APPPATH\Controllers\Apps.php(304): view('Pages/Map', [...])
 6 SYSTEMPATH\CodeIgniter.php(934): App\Controllers\Apps->Peta()
 7 SYSTEMPATH\CodeIgniter.php(499): CodeIgniter\CodeIgniter->runController(Object(App\Controllers\Apps))
 8 SYSTEMPATH\CodeIgniter.php(368): CodeIgniter\CodeIgniter->handleRequest(null, Object(Config\Cache), false)
 9 FCPATH\index.php(67): CodeIgniter\CodeIgniter->run()
10 SYSTEMPATH\Commands\Server\rewrite.php(47): require_once('FCPATH\\index.php')
CRITICAL - 2023-08-30 13:38:47 --> Undefined variable $vb
in APPPATH\Views\Pages\Map.php on line 88.
 1 APPPATH\Views\Pages\Map.php(88): CodeIgniter\Debug\Exceptions->errorHandler(2, 'Undefined variable $vb', 'APPPATH\\Views\\Pages\\Map.php', 88)
 2 SYSTEMPATH\View\View.php(213): include('APPPATH\\Views\\Pages\\Map.php')
 3 SYSTEMPATH\View\View.php(216): CodeIgniter\View\View->CodeIgniter\View\{closure}()
 4 SYSTEMPATH\Common.php(1177): CodeIgniter\View\View->render('Pages/Map', [], true)
 5 APPPATH\Controllers\Apps.php(304): view('Pages/Map', [...])
 6 SYSTEMPATH\CodeIgniter.php(934): App\Controllers\Apps->Peta()
 7 SYSTEMPATH\CodeIgniter.php(499): CodeIgniter\CodeIgniter->runController(Object(App\Controllers\Apps))
 8 SYSTEMPATH\CodeIgniter.php(368): CodeIgniter\CodeIgniter->handleRequest(null, Object(Config\Cache), false)
 9 FCPATH\index.php(67): CodeIgniter\CodeIgniter->run()
10 SYSTEMPATH\Commands\Server\rewrite.php(47): require_once('FCPATH\\index.php')
CRITICAL - 2023-08-30 13:38:47 --> Undefined variable $vb
in APPPATH\Views\Pages\Map.php on line 88.
 1 APPPATH\Views\Pages\Map.php(88): CodeIgniter\Debug\Exceptions->errorHandler(2, 'Undefined variable $vb', 'APPPATH\\Views\\Pages\\Map.php', 88)
 2 SYSTEMPATH\View\View.php(213): include('APPPATH\\Views\\Pages\\Map.php')
 3 SYSTEMPATH\View\View.php(216): CodeIgniter\View\View->CodeIgniter\View\{closure}()
 4 SYSTEMPATH\Common.php(1177): CodeIgniter\View\View->render('Pages/Map', [], true)
 5 APPPATH\Controllers\Apps.php(304): view('Pages/Map', [...])
 6 SYSTEMPATH\CodeIgniter.php(934): App\Controllers\Apps->Peta()
 7 SYSTEMPATH\CodeIgniter.php(499): CodeIgniter\CodeIgniter->runController(Object(App\Controllers\Apps))
 8 SYSTEMPATH\CodeIgniter.php(368): CodeIgniter\CodeIgniter->handleRequest(null, Object(Config\Cache), false)
 9 FCPATH\index.php(67): CodeIgniter\CodeIgniter->run()
10 SYSTEMPATH\Commands\Server\rewrite.php(47): require_once('FCPATH\\index.php')
CRITICAL - 2023-08-30 13:42:18 --> Undefined variable $vb
in APPPATH\Views\Pages\Map.php on line 83.
 1 APPPATH\Views\Pages\Map.php(83): CodeIgniter\Debug\Exceptions->errorHandler(2, 'Undefined variable $vb', 'APPPATH\\Views\\Pages\\Map.php', 83)
 2 SYSTEMPATH\View\View.php(213): include('APPPATH\\Views\\Pages\\Map.php')
 3 SYSTEMPATH\View\View.php(216): CodeIgniter\View\View->CodeIgniter\View\{closure}()
 4 SYSTEMPATH\Common.php(1177): CodeIgniter\View\View->render('Pages/Map', [], true)
 5 APPPATH\Controllers\Apps.php(304): view('Pages/Map', [...])
 6 SYSTEMPATH\CodeIgniter.php(934): App\Controllers\Apps->Peta()
 7 SYSTEMPATH\CodeIgniter.php(499): CodeIgniter\CodeIgniter->runController(Object(App\Controllers\Apps))
 8 SYSTEMPATH\CodeIgniter.php(368): CodeIgniter\CodeIgniter->handleRequest(null, Object(Config\Cache), false)
 9 FCPATH\index.php(67): CodeIgniter\CodeIgniter->run()
10 SYSTEMPATH\Commands\Server\rewrite.php(47): require_once('FCPATH\\index.php')
CRITICAL - 2023-08-30 13:42:19 --> Undefined variable $vb
in APPPATH\Views\Pages\Map.php on line 83.
 1 APPPATH\Views\Pages\Map.php(83): CodeIgniter\Debug\Exceptions->errorHandler(2, 'Undefined variable $vb', 'APPPATH\\Views\\Pages\\Map.php', 83)
 2 SYSTEMPATH\View\View.php(213): include('APPPATH\\Views\\Pages\\Map.php')
 3 SYSTEMPATH\View\View.php(216): CodeIgniter\View\View->CodeIgniter\View\{closure}()
 4 SYSTEMPATH\Common.php(1177): CodeIgniter\View\View->render('Pages/Map', [], true)
 5 APPPATH\Controllers\Apps.php(304): view('Pages/Map', [...])
 6 SYSTEMPATH\CodeIgniter.php(934): App\Controllers\Apps->Peta()
 7 SYSTEMPATH\CodeIgniter.php(499): CodeIgniter\CodeIgniter->runController(Object(App\Controllers\Apps))
 8 SYSTEMPATH\CodeIgniter.php(368): CodeIgniter\CodeIgniter->handleRequest(null, Object(Config\Cache), false)
 9 FCPATH\index.php(67): CodeIgniter\CodeIgniter->run()
10 SYSTEMPATH\Commands\Server\rewrite.php(47): require_once('FCPATH\\index.php')
CRITICAL - 2023-08-30 13:42:20 --> Undefined variable $vb
in APPPATH\Views\Pages\Map.php on line 83.
 1 APPPATH\Views\Pages\Map.php(83): CodeIgniter\Debug\Exceptions->errorHandler(2, 'Undefined variable $vb', 'APPPATH\\Views\\Pages\\Map.php', 83)
 2 SYSTEMPATH\View\View.php(213): include('APPPATH\\Views\\Pages\\Map.php')
 3 SYSTEMPATH\View\View.php(216): CodeIgniter\View\View->CodeIgniter\View\{closure}()
 4 SYSTEMPATH\Common.php(1177): CodeIgniter\View\View->render('Pages/Map', [], true)
 5 APPPATH\Controllers\Apps.php(304): view('Pages/Map', [...])
 6 SYSTEMPATH\CodeIgniter.php(934): App\Controllers\Apps->Peta()
 7 SYSTEMPATH\CodeIgniter.php(499): CodeIgniter\CodeIgniter->runController(Object(App\Controllers\Apps))
 8 SYSTEMPATH\CodeIgniter.php(368): CodeIgniter\CodeIgniter->handleRequest(null, Object(Config\Cache), false)
 9 FCPATH\index.php(67): CodeIgniter\CodeIgniter->run()
10 SYSTEMPATH\Commands\Server\rewrite.php(47): require_once('FCPATH\\index.php')
CRITICAL - 2023-08-30 13:42:20 --> Undefined variable $vb
in APPPATH\Views\Pages\Map.php on line 83.
 1 APPPATH\Views\Pages\Map.php(83): CodeIgniter\Debug\Exceptions->errorHandler(2, 'Undefined variable $vb', 'APPPATH\\Views\\Pages\\Map.php', 83)
 2 SYSTEMPATH\View\View.php(213): include('APPPATH\\Views\\Pages\\Map.php')
 3 SYSTEMPATH\View\View.php(216): CodeIgniter\View\View->CodeIgniter\View\{closure}()
 4 SYSTEMPATH\Common.php(1177): CodeIgniter\View\View->render('Pages/Map', [], true)
 5 APPPATH\Controllers\Apps.php(304): view('Pages/Map', [...])
 6 SYSTEMPATH\CodeIgniter.php(934): App\Controllers\Apps->Peta()
 7 SYSTEMPATH\CodeIgniter.php(499): CodeIgniter\CodeIgniter->runController(Object(App\Controllers\Apps))
 8 SYSTEMPATH\CodeIgniter.php(368): CodeIgniter\CodeIgniter->handleRequest(null, Object(Config\Cache), false)
 9 FCPATH\index.php(67): CodeIgniter\CodeIgniter->run()
10 SYSTEMPATH\Commands\Server\rewrite.php(47): require_once('FCPATH\\index.php')
CRITICAL - 2023-08-30 13:42:20 --> Undefined variable $vb
in APPPATH\Views\Pages\Map.php on line 83.
 1 APPPATH\Views\Pages\Map.php(83): CodeIgniter\Debug\Exceptions->errorHandler(2, 'Undefined variable $vb', 'APPPATH\\Views\\Pages\\Map.php', 83)
 2 SYSTEMPATH\View\View.php(213): include('APPPATH\\Views\\Pages\\Map.php')
 3 SYSTEMPATH\View\View.php(216): CodeIgniter\View\View->CodeIgniter\View\{closure}()
 4 SYSTEMPATH\Common.php(1177): CodeIgniter\View\View->render('Pages/Map', [], true)
 5 APPPATH\Controllers\Apps.php(304): view('Pages/Map', [...])
 6 SYSTEMPATH\CodeIgniter.php(934): App\Controllers\Apps->Peta()
 7 SYSTEMPATH\CodeIgniter.php(499): CodeIgniter\CodeIgniter->runController(Object(App\Controllers\Apps))
 8 SYSTEMPATH\CodeIgniter.php(368): CodeIgniter\CodeIgniter->handleRequest(null, Object(Config\Cache), false)
 9 FCPATH\index.php(67): CodeIgniter\CodeIgniter->run()
10 SYSTEMPATH\Commands\Server\rewrite.php(47): require_once('FCPATH\\index.php')
CRITICAL - 2023-08-30 13:43:20 --> Undefined variable $geojsonStyle
in APPPATH\Views\Pages\Map.php on line 90.
 1 APPPATH\Views\Pages\Map.php(90): CodeIgniter\Debug\Exceptions->errorHandler(2, 'Undefined variable $geojsonStyle', 'APPPATH\\Views\\Pages\\Map.php', 90)
 2 SYSTEMPATH\View\View.php(213): include('APPPATH\\Views\\Pages\\Map.php')
 3 SYSTEMPATH\View\View.php(216): CodeIgniter\View\View->CodeIgniter\View\{closure}()
 4 SYSTEMPATH\Common.php(1177): CodeIgniter\View\View->render('Pages/Map', [], true)
 5 APPPATH\Controllers\Apps.php(304): view('Pages/Map', [...])
 6 SYSTEMPATH\CodeIgniter.php(934): App\Controllers\Apps->Peta()
 7 SYSTEMPATH\CodeIgniter.php(499): CodeIgniter\CodeIgniter->runController(Object(App\Controllers\Apps))
 8 SYSTEMPATH\CodeIgniter.php(368): CodeIgniter\CodeIgniter->handleRequest(null, Object(Config\Cache), false)
 9 FCPATH\index.php(67): CodeIgniter\CodeIgniter->run()
10 SYSTEMPATH\Commands\Server\rewrite.php(47): require_once('FCPATH\\index.php')
INFO - 2023-08-30 13:44:27 --> Session: Class initialized using 'CodeIgniter\Session\Handlers\FileHandler' driver.
CRITICAL - 2023-08-30 13:44:31 --> Undefined variable $vb
in APPPATH\Views\Pages\Map.php on line 83.
 1 APPPATH\Views\Pages\Map.php(83): CodeIgniter\Debug\Exceptions->errorHandler(2, 'Undefined variable $vb', 'APPPATH\\Views\\Pages\\Map.php', 83)
 2 SYSTEMPATH\View\View.php(213): include('APPPATH\\Views\\Pages\\Map.php')
 3 SYSTEMPATH\View\View.php(216): CodeIgniter\View\View->CodeIgniter\View\{closure}()
 4 SYSTEMPATH\Common.php(1177): CodeIgniter\View\View->render('Pages/Map', [], true)
 5 APPPATH\Controllers\Apps.php(304): view('Pages/Map', [...])
 6 SYSTEMPATH\CodeIgniter.php(934): App\Controllers\Apps->Peta()
 7 SYSTEMPATH\CodeIgniter.php(499): CodeIgniter\CodeIgniter->runController(Object(App\Controllers\Apps))
 8 SYSTEMPATH\CodeIgniter.php(368): CodeIgniter\CodeIgniter->handleRequest(null, Object(Config\Cache), false)
 9 FCPATH\index.php(67): CodeIgniter\CodeIgniter->run()
10 SYSTEMPATH\Commands\Server\rewrite.php(47): require_once('FCPATH\\index.php')
