INFO - 2023-09-05 02:20:45 --> Session: Class initialized using 'CodeIgniter\Session\Handlers\FileHandler' driver.
INFO - 2023-09-05 02:21:02 --> Session: Class initialized using 'CodeIgniter\Session\Handlers\FileHandler' driver.
INFO - 2023-09-05 02:21:02 --> Session: Class initialized using 'CodeIgniter\Session\Handlers\FileHandler' driver.
INFO - 2023-09-05 02:21:04 --> Session: Class initialized using 'CodeIgniter\Session\Handlers\FileHandler' driver.
INFO - 2023-09-05 02:21:04 --> Session: Class initialized using 'CodeIgniter\Session\Handlers\FileHandler' driver.
INFO - 2023-09-05 02:21:17 --> Session: Class initialized using 'CodeIgniter\Session\Handlers\FileHandler' driver.
INFO - 2023-09-05 02:21:18 --> Session: Class initialized using 'CodeIgniter\Session\Handlers\FileHandler' driver.
INFO - 2023-09-05 02:21:25 --> Session: Class initialized using 'CodeIgniter\Session\Handlers\FileHandler' driver.
INFO - 2023-09-05 03:06:44 --> Session: Class initialized using 'CodeIgniter\Session\Handlers\FileHandler' driver.
INFO - 2023-09-05 03:14:43 --> Session: Class initialized using 'CodeIgniter\Session\Handlers\FileHandler' driver.
INFO - 2023-09-05 03:14:43 --> Session: Class initialized using 'CodeIgniter\Session\Handlers\FileHandler' driver.
INFO - 2023-09-05 03:14:57 --> Session: Class initialized using 'CodeIgniter\Session\Handlers\FileHandler' driver.
INFO - 2023-09-05 03:15:30 --> Session: Class initialized using 'CodeIgniter\Session\Handlers\FileHandler' driver.
INFO - 2023-09-05 13:14:34 --> Session: Class initialized using 'CodeIgniter\Session\Handlers\FileHandler' driver.
ERROR - 2023-09-05 13:18:41 --> Error connecting to the database: mysqli_sql_exception: No connection could be made because the target machine actively refused it in D:\APP\XAMPP\htdocs\bayes\vendor\codeigniter4\framework\system\Database\MySQLi\Connection.php:174
Stack trace:
#0 D:\APP\XAMPP\htdocs\bayes\vendor\codeigniter4\framework\system\Database\MySQLi\Connection.php(174): mysqli->real_connect('localhost', 'root', '', 'project', 3306, '', 0)
#1 D:\APP\XAMPP\htdocs\bayes\vendor\codeigniter4\framework\system\Database\BaseConnection.php(391): CodeIgniter\Database\MySQLi\Connection->connect(false)
#2 D:\APP\XAMPP\htdocs\bayes\vendor\codeigniter4\framework\system\Database\BaseConnection.php(573): CodeIgniter\Database\BaseConnection->initialize()
#3 D:\APP\XAMPP\htdocs\bayes\vendor\codeigniter4\framework\system\Database\BaseBuilder.php(1601): CodeIgniter\Database\BaseConnection->query('SELECT *\nFROM `...', Array, false)
#4 D:\APP\XAMPP\htdocs\bayes\vendor\codeigniter4\framework\system\Model.php(240): CodeIgniter\Database\BaseBuilder->get()
#5 D:\APP\XAMPP\htdocs\bayes\vendor\codeigniter4\framework\system\BaseModel.php(618): CodeIgniter\Model->doFindAll(0, 0)
#6 D:\APP\XAMPP\htdocs\bayes\app\Controllers\Apps.php(62): CodeIgniter\BaseModel->findAll()
#7 D:\APP\XAMPP\htdocs\bayes\vendor\codeigniter4\framework\system\CodeIgniter.php(934): App\Controllers\Apps->Predict()
#8 D:\APP\XAMPP\htdocs\bayes\vendor\codeigniter4\framework\system\CodeIgniter.php(499): CodeIgniter\CodeIgniter->runController(Object(App\Controllers\Apps))
#9 D:\APP\XAMPP\htdocs\bayes\vendor\codeigniter4\framework\system\CodeIgniter.php(368): CodeIgniter\CodeIgniter->handleRequest(NULL, Object(Config\Cache), false)
#10 D:\APP\XAMPP\htdocs\bayes\public\index.php(67): CodeIgniter\CodeIgniter->run()
#11 D:\APP\XAMPP\htdocs\bayes\vendor\codeigniter4\framework\system\Commands\Server\rewrite.php(47): require_once('D:\\APP\\XAMPP\\ht...')
#12 {main}

Next CodeIgniter\Database\Exceptions\DatabaseException: No connection could be made because the target machine actively refused it in D:\APP\XAMPP\htdocs\bayes\vendor\codeigniter4\framework\system\Database\MySQLi\Connection.php:218
Stack trace:
#0 D:\APP\XAMPP\htdocs\bayes\vendor\codeigniter4\framework\system\Database\BaseConnection.php(391): CodeIgniter\Database\MySQLi\Connection->connect(false)
#1 D:\APP\XAMPP\htdocs\bayes\vendor\codeigniter4\framework\system\Database\BaseConnection.php(573): CodeIgniter\Database\BaseConnection->initialize()
#2 D:\APP\XAMPP\htdocs\bayes\vendor\codeigniter4\framework\system\Database\BaseBuilder.php(1601): CodeIgniter\Database\BaseConnection->query('SELECT *\nFROM `...', Array, false)
#3 D:\APP\XAMPP\htdocs\bayes\vendor\codeigniter4\framework\system\Model.php(240): CodeIgniter\Database\BaseBuilder->get()
#4 D:\APP\XAMPP\htdocs\bayes\vendor\codeigniter4\framework\system\BaseModel.php(618): CodeIgniter\Model->doFindAll(0, 0)
#5 D:\APP\XAMPP\htdocs\bayes\app\Controllers\Apps.php(62): CodeIgniter\BaseModel->findAll()
#6 D:\APP\XAMPP\htdocs\bayes\vendor\codeigniter4\framework\system\CodeIgniter.php(934): App\Controllers\Apps->Predict()
#7 D:\APP\XAMPP\htdocs\bayes\vendor\codeigniter4\framework\system\CodeIgniter.php(499): CodeIgniter\CodeIgniter->runController(Object(App\Controllers\Apps))
#8 D:\APP\XAMPP\htdocs\bayes\vendor\codeigniter4\framework\system\CodeIgniter.php(368): CodeIgniter\CodeIgniter->handleRequest(NULL, Object(Config\Cache), false)
#9 D:\APP\XAMPP\htdocs\bayes\public\index.php(67): CodeIgniter\CodeIgniter->run()
#10 D:\APP\XAMPP\htdocs\bayes\vendor\codeigniter4\framework\system\Commands\Server\rewrite.php(47): require_once('D:\\APP\\XAMPP\\ht...')
#11 {main}
CRITICAL - 2023-09-05 13:18:41 --> Unable to connect to the database.
Main connection [MySQLi]: No connection could be made because the target machine actively refused it
in SYSTEMPATH\Database\BaseConnection.php on line 427.
 1 SYSTEMPATH\Database\BaseConnection.php(573): CodeIgniter\Database\BaseConnection->initialize()
 2 SYSTEMPATH\Database\BaseBuilder.php(1601): CodeIgniter\Database\BaseConnection->query('SELECT *
FROM `dataset`', [], false)
 3 SYSTEMPATH\Model.php(240): CodeIgniter\Database\BaseBuilder->get()
 4 SYSTEMPATH\BaseModel.php(618): CodeIgniter\Model->doFindAll(0, 0)
 5 APPPATH\Controllers\Apps.php(62): CodeIgniter\BaseModel->findAll()
 6 SYSTEMPATH\CodeIgniter.php(934): App\Controllers\Apps->Predict()
 7 SYSTEMPATH\CodeIgniter.php(499): CodeIgniter\CodeIgniter->runController(Object(App\Controllers\Apps))
 8 SYSTEMPATH\CodeIgniter.php(368): CodeIgniter\CodeIgniter->handleRequest(null, Object(Config\Cache), false)
 9 FCPATH\index.php(67): CodeIgniter\CodeIgniter->run()
10 SYSTEMPATH\Commands\Server\rewrite.php(47): require_once('FCPATH\\index.php')
CRITICAL - 2023-09-05 17:25:22 --> Class "Locale" not found
in SYSTEMPATH\CodeIgniter.php on line 194.
 1 ROOTPATH\spark(83): CodeIgniter\CodeIgniter->initialize()
CRITICAL - 2023-09-05 17:25:56 --> Class "Locale" not found
in SYSTEMPATH\CodeIgniter.php on line 194.
 1 ROOTPATH\spark(83): CodeIgniter\CodeIgniter->initialize()
CRITICAL - 2023-09-05 17:27:21 --> Class "Locale" not found
in SYSTEMPATH\CodeIgniter.php on line 194.
 1 ROOTPATH\spark(83): CodeIgniter\CodeIgniter->initialize()
CRITICAL - 2023-09-05 17:27:22 --> Class "Locale" not found
in SYSTEMPATH\CodeIgniter.php on line 194.
 1 ROOTPATH\spark(83): CodeIgniter\CodeIgniter->initialize()
CRITICAL - 2023-09-05 17:27:23 --> Class "Locale" not found
in SYSTEMPATH\CodeIgniter.php on line 194.
 1 ROOTPATH\spark(83): CodeIgniter\CodeIgniter->initialize()
CRITICAL - 2023-09-05 17:27:23 --> Class "Locale" not found
in SYSTEMPATH\CodeIgniter.php on line 194.
 1 ROOTPATH\spark(83): CodeIgniter\CodeIgniter->initialize()
CRITICAL - 2023-09-05 17:27:25 --> Class "Locale" not found
in SYSTEMPATH\CodeIgniter.php on line 194.
 1 ROOTPATH\spark(83): CodeIgniter\CodeIgniter->initialize()
CRITICAL - 2023-09-05 17:31:53 --> Class "Locale" not found
in SYSTEMPATH\CodeIgniter.php on line 194.
 1 ROOTPATH\spark(83): CodeIgniter\CodeIgniter->initialize()
CRITICAL - 2023-09-05 17:31:54 --> Class "Locale" not found
in SYSTEMPATH\CodeIgniter.php on line 194.
 1 ROOTPATH\spark(83): CodeIgniter\CodeIgniter->initialize()
CRITICAL - 2023-09-05 17:31:55 --> Class "Locale" not found
in SYSTEMPATH\CodeIgniter.php on line 194.
 1 ROOTPATH\spark(83): CodeIgniter\CodeIgniter->initialize()
CRITICAL - 2023-09-05 17:31:56 --> Class "Locale" not found
in SYSTEMPATH\CodeIgniter.php on line 194.
 1 ROOTPATH\spark(83): CodeIgniter\CodeIgniter->initialize()
CRITICAL - 2023-09-05 17:31:56 --> Class "Locale" not found
in SYSTEMPATH\CodeIgniter.php on line 194.
 1 ROOTPATH\spark(83): CodeIgniter\CodeIgniter->initialize()
CRITICAL - 2023-09-05 17:31:57 --> Class "Locale" not found
in SYSTEMPATH\CodeIgniter.php on line 194.
 1 ROOTPATH\spark(83): CodeIgniter\CodeIgniter->initialize()
CRITICAL - 2023-09-05 17:31:57 --> Class "Locale" not found
in SYSTEMPATH\CodeIgniter.php on line 194.
 1 ROOTPATH\spark(83): CodeIgniter\CodeIgniter->initialize()
CRITICAL - 2023-09-05 17:31:57 --> Class "Locale" not found
in SYSTEMPATH\CodeIgniter.php on line 194.
 1 ROOTPATH\spark(83): CodeIgniter\CodeIgniter->initialize()
CRITICAL - 2023-09-05 17:31:58 --> Class "Locale" not found
in SYSTEMPATH\CodeIgniter.php on line 194.
 1 ROOTPATH\spark(83): CodeIgniter\CodeIgniter->initialize()
CRITICAL - 2023-09-05 17:31:58 --> Class "Locale" not found
in SYSTEMPATH\CodeIgniter.php on line 194.
 1 ROOTPATH\spark(83): CodeIgniter\CodeIgniter->initialize()
CRITICAL - 2023-09-05 17:31:59 --> Class "Locale" not found
in SYSTEMPATH\CodeIgniter.php on line 194.
 1 ROOTPATH\spark(83): CodeIgniter\CodeIgniter->initialize()
CRITICAL - 2023-09-05 17:31:59 --> Class "Locale" not found
in SYSTEMPATH\CodeIgniter.php on line 194.
 1 ROOTPATH\spark(83): CodeIgniter\CodeIgniter->initialize()
CRITICAL - 2023-09-05 17:31:59 --> Class "Locale" not found
in SYSTEMPATH\CodeIgniter.php on line 194.
 1 ROOTPATH\spark(83): CodeIgniter\CodeIgniter->initialize()
CRITICAL - 2023-09-05 17:32:00 --> Class "Locale" not found
in SYSTEMPATH\CodeIgniter.php on line 194.
 1 ROOTPATH\spark(83): CodeIgniter\CodeIgniter->initialize()
CRITICAL - 2023-09-05 17:32:00 --> Class "Locale" not found
in SYSTEMPATH\CodeIgniter.php on line 194.
 1 ROOTPATH\spark(83): CodeIgniter\CodeIgniter->initialize()
CRITICAL - 2023-09-05 17:32:00 --> Class "Locale" not found
in SYSTEMPATH\CodeIgniter.php on line 194.
 1 ROOTPATH\spark(83): CodeIgniter\CodeIgniter->initialize()
CRITICAL - 2023-09-05 17:32:01 --> Class "Locale" not found
in SYSTEMPATH\CodeIgniter.php on line 194.
 1 ROOTPATH\spark(83): CodeIgniter\CodeIgniter->initialize()
CRITICAL - 2023-09-05 17:32:01 --> Class "Locale" not found
in SYSTEMPATH\CodeIgniter.php on line 194.
 1 ROOTPATH\spark(83): CodeIgniter\CodeIgniter->initialize()
CRITICAL - 2023-09-05 17:36:26 --> Class "Locale" not found
in SYSTEMPATH\CodeIgniter.php on line 194.
 1 ROOTPATH\spark(83): CodeIgniter\CodeIgniter->initialize()
CRITICAL - 2023-09-05 17:38:36 --> Class "Locale" not found
in SYSTEMPATH\CodeIgniter.php on line 194.
 1 ROOTPATH\spark(83): CodeIgniter\CodeIgniter->initialize()
CRITICAL - 2023-09-05 17:41:06 --> Class "Locale" not found
in SYSTEMPATH\CodeIgniter.php on line 194.
 1 ROOTPATH\spark(83): CodeIgniter\CodeIgniter->initialize()
CRITICAL - 2023-09-05 17:43:36 --> Class "Locale" not found
in SYSTEMPATH\CodeIgniter.php on line 194.
 1 ROOTPATH\spark(83): CodeIgniter\CodeIgniter->initialize()
CRITICAL - 2023-09-05 17:46:22 --> Class "Locale" not found
in SYSTEMPATH\CodeIgniter.php on line 194.
 1 ROOTPATH\spark(83): CodeIgniter\CodeIgniter->initialize()
CRITICAL - 2023-09-05 17:50:18 --> Class "Locale" not found
in SYSTEMPATH\CodeIgniter.php on line 194.
 1 ROOTPATH\spark(83): CodeIgniter\CodeIgniter->initialize()
CRITICAL - 2023-09-05 17:50:23 --> Class "Locale" not found
in SYSTEMPATH\CodeIgniter.php on line 194.
 1 ROOTPATH\spark(83): CodeIgniter\CodeIgniter->initialize()
CRITICAL - 2023-09-05 17:50:23 --> Class "Locale" not found
in SYSTEMPATH\CodeIgniter.php on line 194.
 1 ROOTPATH\spark(83): CodeIgniter\CodeIgniter->initialize()
CRITICAL - 2023-09-05 17:50:24 --> Class "Locale" not found
in SYSTEMPATH\CodeIgniter.php on line 194.
 1 ROOTPATH\spark(83): CodeIgniter\CodeIgniter->initialize()
CRITICAL - 2023-09-05 17:50:24 --> Class "Locale" not found
in SYSTEMPATH\CodeIgniter.php on line 194.
 1 ROOTPATH\spark(83): CodeIgniter\CodeIgniter->initialize()
CRITICAL - 2023-09-05 17:50:25 --> Class "Locale" not found
in SYSTEMPATH\CodeIgniter.php on line 194.
 1 ROOTPATH\spark(83): CodeIgniter\CodeIgniter->initialize()
CRITICAL - 2023-09-05 17:50:25 --> Class "Locale" not found
in SYSTEMPATH\CodeIgniter.php on line 194.
 1 ROOTPATH\spark(83): CodeIgniter\CodeIgniter->initialize()
CRITICAL - 2023-09-05 17:50:25 --> Class "Locale" not found
in SYSTEMPATH\CodeIgniter.php on line 194.
 1 ROOTPATH\spark(83): CodeIgniter\CodeIgniter->initialize()
CRITICAL - 2023-09-05 17:50:26 --> Class "Locale" not found
in SYSTEMPATH\CodeIgniter.php on line 194.
 1 ROOTPATH\spark(83): CodeIgniter\CodeIgniter->initialize()
CRITICAL - 2023-09-05 17:50:26 --> Class "Locale" not found
in SYSTEMPATH\CodeIgniter.php on line 194.
 1 ROOTPATH\spark(83): CodeIgniter\CodeIgniter->initialize()
CRITICAL - 2023-09-05 17:50:27 --> Class "Locale" not found
in SYSTEMPATH\CodeIgniter.php on line 194.
 1 ROOTPATH\spark(83): CodeIgniter\CodeIgniter->initialize()
CRITICAL - 2023-09-05 17:50:27 --> Class "Locale" not found
in SYSTEMPATH\CodeIgniter.php on line 194.
 1 ROOTPATH\spark(83): CodeIgniter\CodeIgniter->initialize()
CRITICAL - 2023-09-05 17:50:27 --> Class "Locale" not found
in SYSTEMPATH\CodeIgniter.php on line 194.
 1 ROOTPATH\spark(83): CodeIgniter\CodeIgniter->initialize()
CRITICAL - 2023-09-05 17:50:28 --> Class "Locale" not found
in SYSTEMPATH\CodeIgniter.php on line 194.
 1 ROOTPATH\spark(83): CodeIgniter\CodeIgniter->initialize()
CRITICAL - 2023-09-05 17:52:14 --> Class "Locale" not found
in SYSTEMPATH\CodeIgniter.php on line 194.
 1 FCPATH\index.php(55): CodeIgniter\CodeIgniter->initialize()
CRITICAL - 2023-09-05 17:52:47 --> Class "Locale" not found
in SYSTEMPATH\CodeIgniter.php on line 194.
 1 ROOTPATH\spark(83): CodeIgniter\CodeIgniter->initialize()
INFO - 2023-09-05 15:55:53 --> Session: Class initialized using 'CodeIgniter\Session\Handlers\FileHandler' driver.
