INFO - 2023-09-06 05:52:08 --> Session: Class initialized using 'CodeIgniter\Session\Handlers\FileHandler' driver.
CRITICAL - 2023-09-06 06:14:49 --> Undefined variable $jumlahKasusTertinggi
in APPPATH\Views\Pages\Map.php on line 84.
 1 APPPATH\Views\Pages\Map.php(84): CodeIgniter\Debug\Exceptions->errorHandler(2, 'Undefined variable $jumlahKasusTertinggi', 'APPPATH\\Views\\Pages\\Map.php', 84)
 2 SYSTEMPATH\View\View.php(213): include('APPPATH\\Views\\Pages\\Map.php')
 3 SYSTEMPATH\View\View.php(216): CodeIgniter\View\View->CodeIgniter\View\{closure}()
 4 SYSTEMPATH\Common.php(1177): CodeIgniter\View\View->render('Pages/Map', [], true)
 5 APPPATH\Controllers\Apps.php(306): view('Pages/Map', [...])
 6 SYSTEMPATH\CodeIgniter.php(937): App\Controllers\Apps->Peta()
 7 SYSTEMPATH\CodeIgniter.php(502): CodeIgniter\CodeIgniter->runController(Object(App\Controllers\Apps))
 8 SYSTEMPATH\CodeIgniter.php(371): CodeIgniter\CodeIgniter->handleRequest(null, Object(Config\Cache), false)
 9 FCPATH\index.php(67): CodeIgniter\CodeIgniter->run()
10 SYSTEMPATH\Commands\Server\rewrite.php(47): require_once('FCPATH\\index.php')
CRITICAL - 2023-09-06 06:22:45 --> max(): Argument #1 ($value) must be of type array, int given
in APPPATH\Views\Pages\Map.php on line 84.
 1 APPPATH\Views\Pages\Map.php(84): max(77)
 2 SYSTEMPATH\View\View.php(213): include('APPPATH\\Views\\Pages\\Map.php')
 3 SYSTEMPATH\View\View.php(216): CodeIgniter\View\View->CodeIgniter\View\{closure}()
 4 SYSTEMPATH\Common.php(1177): CodeIgniter\View\View->render('Pages/Map', [], true)
 5 APPPATH\Controllers\Apps.php(306): view('Pages/Map', [...])
 6 SYSTEMPATH\CodeIgniter.php(937): App\Controllers\Apps->Peta()
 7 SYSTEMPATH\CodeIgniter.php(502): CodeIgniter\CodeIgniter->runController(Object(App\Controllers\Apps))
 8 SYSTEMPATH\CodeIgniter.php(371): CodeIgniter\CodeIgniter->handleRequest(null, Object(Config\Cache), false)
 9 FCPATH\index.php(67): CodeIgniter\CodeIgniter->run()
10 SYSTEMPATH\Commands\Server\rewrite.php(47): require_once('FCPATH\\index.php')
CRITICAL - 2023-09-06 06:24:20 --> Array to string conversion
in APPPATH\Views\Pages\Map.php on line 101.
 1 APPPATH\Views\Pages\Map.php(101): CodeIgniter\Debug\Exceptions->errorHandler(2, 'Array to string conversion', 'APPPATH\\Views\\Pages\\Map.php', 101)
 2 SYSTEMPATH\View\View.php(213): include('APPPATH\\Views\\Pages\\Map.php')
 3 SYSTEMPATH\View\View.php(216): CodeIgniter\View\View->CodeIgniter\View\{closure}()
 4 SYSTEMPATH\Common.php(1177): CodeIgniter\View\View->render('Pages/Map', [], true)
 5 APPPATH\Controllers\Apps.php(306): view('Pages/Map', [...])
 6 SYSTEMPATH\CodeIgniter.php(937): App\Controllers\Apps->Peta()
 7 SYSTEMPATH\CodeIgniter.php(502): CodeIgniter\CodeIgniter->runController(Object(App\Controllers\Apps))
 8 SYSTEMPATH\CodeIgniter.php(371): CodeIgniter\CodeIgniter->handleRequest(null, Object(Config\Cache), false)
 9 FCPATH\index.php(67): CodeIgniter\CodeIgniter->run()
10 SYSTEMPATH\Commands\Server\rewrite.php(47): require_once('FCPATH\\index.php')
CRITICAL - 2023-09-06 06:24:37 --> max(): Argument #1 ($value) must be of type array, int given
in APPPATH\Views\Pages\Map.php on line 84.
 1 APPPATH\Views\Pages\Map.php(84): max(77)
 2 SYSTEMPATH\View\View.php(213): include('APPPATH\\Views\\Pages\\Map.php')
 3 SYSTEMPATH\View\View.php(216): CodeIgniter\View\View->CodeIgniter\View\{closure}()
 4 SYSTEMPATH\Common.php(1177): CodeIgniter\View\View->render('Pages/Map', [], true)
 5 APPPATH\Controllers\Apps.php(306): view('Pages/Map', [...])
 6 SYSTEMPATH\CodeIgniter.php(937): App\Controllers\Apps->Peta()
 7 SYSTEMPATH\CodeIgniter.php(502): CodeIgniter\CodeIgniter->runController(Object(App\Controllers\Apps))
 8 SYSTEMPATH\CodeIgniter.php(371): CodeIgniter\CodeIgniter->handleRequest(null, Object(Config\Cache), false)
 9 FCPATH\index.php(67): CodeIgniter\CodeIgniter->run()
10 SYSTEMPATH\Commands\Server\rewrite.php(47): require_once('FCPATH\\index.php')
CRITICAL - 2023-09-06 06:35:22 --> Trying to access array offset on value of type int
in APPPATH\Views\Pages\Map.php on line 85.
 1 APPPATH\Views\Pages\Map.php(85): CodeIgniter\Debug\Exceptions->errorHandler(2, 'Trying to access array offset on value of type int', 'APPPATH\\Views\\Pages\\Map.php', 85)
 2 SYSTEMPATH\View\View.php(213): include('APPPATH\\Views\\Pages\\Map.php')
 3 SYSTEMPATH\View\View.php(216): CodeIgniter\View\View->CodeIgniter\View\{closure}()
 4 SYSTEMPATH\Common.php(1177): CodeIgniter\View\View->render('Pages/Map', [], true)
 5 APPPATH\Controllers\Apps.php(306): view('Pages/Map', [...])
 6 SYSTEMPATH\CodeIgniter.php(937): App\Controllers\Apps->Peta()
 7 SYSTEMPATH\CodeIgniter.php(502): CodeIgniter\CodeIgniter->runController(Object(App\Controllers\Apps))
 8 SYSTEMPATH\CodeIgniter.php(371): CodeIgniter\CodeIgniter->handleRequest(null, Object(Config\Cache), false)
 9 FCPATH\index.php(67): CodeIgniter\CodeIgniter->run()
10 SYSTEMPATH\Commands\Server\rewrite.php(47): require_once('FCPATH\\index.php')
CRITICAL - 2023-09-06 06:35:37 --> Trying to access array offset on value of type int
in APPPATH\Views\Pages\Map.php on line 85.
 1 APPPATH\Views\Pages\Map.php(85): CodeIgniter\Debug\Exceptions->errorHandler(2, 'Trying to access array offset on value of type int', 'APPPATH\\Views\\Pages\\Map.php', 85)
 2 SYSTEMPATH\View\View.php(213): include('APPPATH\\Views\\Pages\\Map.php')
 3 SYSTEMPATH\View\View.php(216): CodeIgniter\View\View->CodeIgniter\View\{closure}()
 4 SYSTEMPATH\Common.php(1177): CodeIgniter\View\View->render('Pages/Map', [], true)
 5 APPPATH\Controllers\Apps.php(306): view('Pages/Map', [...])
 6 SYSTEMPATH\CodeIgniter.php(937): App\Controllers\Apps->Peta()
 7 SYSTEMPATH\CodeIgniter.php(502): CodeIgniter\CodeIgniter->runController(Object(App\Controllers\Apps))
 8 SYSTEMPATH\CodeIgniter.php(371): CodeIgniter\CodeIgniter->handleRequest(null, Object(Config\Cache), false)
 9 FCPATH\index.php(67): CodeIgniter\CodeIgniter->run()
10 SYSTEMPATH\Commands\Server\rewrite.php(47): require_once('FCPATH\\index.php')
CRITICAL - 2023-09-06 06:39:39 --> Trying to access array offset on value of type int
in APPPATH\Views\Pages\Map.php on line 84.
 1 APPPATH\Views\Pages\Map.php(84): CodeIgniter\Debug\Exceptions->errorHandler(2, 'Trying to access array offset on value of type int', 'APPPATH\\Views\\Pages\\Map.php', 84)
 2 SYSTEMPATH\View\View.php(213): include('APPPATH\\Views\\Pages\\Map.php')
 3 SYSTEMPATH\View\View.php(216): CodeIgniter\View\View->CodeIgniter\View\{closure}()
 4 SYSTEMPATH\Common.php(1177): CodeIgniter\View\View->render('Pages/Map', [], true)
 5 APPPATH\Controllers\Apps.php(306): view('Pages/Map', [...])
 6 SYSTEMPATH\CodeIgniter.php(937): App\Controllers\Apps->Peta()
 7 SYSTEMPATH\CodeIgniter.php(502): CodeIgniter\CodeIgniter->runController(Object(App\Controllers\Apps))
 8 SYSTEMPATH\CodeIgniter.php(371): CodeIgniter\CodeIgniter->handleRequest(null, Object(Config\Cache), false)
 9 FCPATH\index.php(67): CodeIgniter\CodeIgniter->run()
10 SYSTEMPATH\Commands\Server\rewrite.php(47): require_once('FCPATH\\index.php')
CRITICAL - 2023-09-06 06:39:44 --> Trying to access array offset on value of type int
in APPPATH\Views\Pages\Map.php on line 84.
 1 APPPATH\Views\Pages\Map.php(84): CodeIgniter\Debug\Exceptions->errorHandler(2, 'Trying to access array offset on value of type int', 'APPPATH\\Views\\Pages\\Map.php', 84)
 2 SYSTEMPATH\View\View.php(213): include('APPPATH\\Views\\Pages\\Map.php')
 3 SYSTEMPATH\View\View.php(216): CodeIgniter\View\View->CodeIgniter\View\{closure}()
 4 SYSTEMPATH\Common.php(1177): CodeIgniter\View\View->render('Pages/Map', [], true)
 5 APPPATH\Controllers\Apps.php(306): view('Pages/Map', [...])
 6 SYSTEMPATH\CodeIgniter.php(937): App\Controllers\Apps->Peta()
 7 SYSTEMPATH\CodeIgniter.php(502): CodeIgniter\CodeIgniter->runController(Object(App\Controllers\Apps))
 8 SYSTEMPATH\CodeIgniter.php(371): CodeIgniter\CodeIgniter->handleRequest(null, Object(Config\Cache), false)
 9 FCPATH\index.php(67): CodeIgniter\CodeIgniter->run()
10 SYSTEMPATH\Commands\Server\rewrite.php(47): require_once('FCPATH\\index.php')
CRITICAL - 2023-09-06 06:41:41 --> Undefined variable $kecamatan
in APPPATH\Views\Home.php on line 3.
 1 APPPATH\Views\Home.php(3): CodeIgniter\Debug\Exceptions->errorHandler(2, 'Undefined variable $kecamatan', 'APPPATH\\Views\\Home.php', 3)
 2 SYSTEMPATH\View\View.php(213): include('APPPATH\\Views\\Home.php')
 3 SYSTEMPATH\View\View.php(216): CodeIgniter\View\View->CodeIgniter\View\{closure}()
 4 SYSTEMPATH\Common.php(1177): CodeIgniter\View\View->render('Home', [], true)
 5 APPPATH\Controllers\Apps.php(43): view('Home')
 6 SYSTEMPATH\CodeIgniter.php(937): App\Controllers\Apps->index()
 7 SYSTEMPATH\CodeIgniter.php(502): CodeIgniter\CodeIgniter->runController(Object(App\Controllers\Apps))
 8 SYSTEMPATH\CodeIgniter.php(371): CodeIgniter\CodeIgniter->handleRequest(null, Object(Config\Cache), false)
 9 FCPATH\index.php(67): CodeIgniter\CodeIgniter->run()
10 SYSTEMPATH\Commands\Server\rewrite.php(47): require_once('FCPATH\\index.php')
CRITICAL - 2023-09-06 06:42:08 --> Undefined variable $kecamatan
in APPPATH\Views\Home.php on line 3.
 1 APPPATH\Views\Home.php(3): CodeIgniter\Debug\Exceptions->errorHandler(2, 'Undefined variable $kecamatan', 'APPPATH\\Views\\Home.php', 3)
 2 SYSTEMPATH\View\View.php(213): include('APPPATH\\Views\\Home.php')
 3 SYSTEMPATH\View\View.php(216): CodeIgniter\View\View->CodeIgniter\View\{closure}()
 4 SYSTEMPATH\Common.php(1177): CodeIgniter\View\View->render('Home', [], true)
 5 APPPATH\Controllers\Apps.php(43): view('Home')
 6 SYSTEMPATH\CodeIgniter.php(937): App\Controllers\Apps->index()
 7 SYSTEMPATH\CodeIgniter.php(502): CodeIgniter\CodeIgniter->runController(Object(App\Controllers\Apps))
 8 SYSTEMPATH\CodeIgniter.php(371): CodeIgniter\CodeIgniter->handleRequest(null, Object(Config\Cache), false)
 9 FCPATH\index.php(67): CodeIgniter\CodeIgniter->run()
10 SYSTEMPATH\Commands\Server\rewrite.php(47): require_once('FCPATH\\index.php')
CRITICAL - 2023-09-06 06:43:03 --> Undefined variable $kecamatan
in APPPATH\Views\Home.php on line 3.
 1 APPPATH\Views\Home.php(3): CodeIgniter\Debug\Exceptions->errorHandler(2, 'Undefined variable $kecamatan', 'APPPATH\\Views\\Home.php', 3)
 2 SYSTEMPATH\View\View.php(213): include('APPPATH\\Views\\Home.php')
 3 SYSTEMPATH\View\View.php(216): CodeIgniter\View\View->CodeIgniter\View\{closure}()
 4 SYSTEMPATH\Common.php(1177): CodeIgniter\View\View->render('Home', [], true)
 5 APPPATH\Controllers\Apps.php(43): view('Home')
 6 SYSTEMPATH\CodeIgniter.php(937): App\Controllers\Apps->index()
 7 SYSTEMPATH\CodeIgniter.php(502): CodeIgniter\CodeIgniter->runController(Object(App\Controllers\Apps))
 8 SYSTEMPATH\CodeIgniter.php(371): CodeIgniter\CodeIgniter->handleRequest(null, Object(Config\Cache), false)
 9 FCPATH\index.php(67): CodeIgniter\CodeIgniter->run()
10 SYSTEMPATH\Commands\Server\rewrite.php(47): require_once('FCPATH\\index.php')
CRITICAL - 2023-09-06 06:43:56 --> Undefined variable $kecamatan
in APPPATH\Views\Home.php on line 3.
 1 APPPATH\Views\Home.php(3): CodeIgniter\Debug\Exceptions->errorHandler(2, 'Undefined variable $kecamatan', 'APPPATH\\Views\\Home.php', 3)
 2 SYSTEMPATH\View\View.php(213): include('APPPATH\\Views\\Home.php')
 3 SYSTEMPATH\View\View.php(216): CodeIgniter\View\View->CodeIgniter\View\{closure}()
 4 SYSTEMPATH\Common.php(1177): CodeIgniter\View\View->render('Home', [], true)
 5 APPPATH\Controllers\Apps.php(56): view('Home')
 6 SYSTEMPATH\CodeIgniter.php(937): App\Controllers\Apps->index()
 7 SYSTEMPATH\CodeIgniter.php(502): CodeIgniter\CodeIgniter->runController(Object(App\Controllers\Apps))
 8 SYSTEMPATH\CodeIgniter.php(371): CodeIgniter\CodeIgniter->handleRequest(null, Object(Config\Cache), false)
 9 FCPATH\index.php(67): CodeIgniter\CodeIgniter->run()
10 SYSTEMPATH\Commands\Server\rewrite.php(47): require_once('FCPATH\\index.php')
CRITICAL - 2023-09-06 06:43:58 --> Undefined variable $kecamatan
in APPPATH\Views\Home.php on line 3.
 1 APPPATH\Views\Home.php(3): CodeIgniter\Debug\Exceptions->errorHandler(2, 'Undefined variable $kecamatan', 'APPPATH\\Views\\Home.php', 3)
 2 SYSTEMPATH\View\View.php(213): include('APPPATH\\Views\\Home.php')
 3 SYSTEMPATH\View\View.php(216): CodeIgniter\View\View->CodeIgniter\View\{closure}()
 4 SYSTEMPATH\Common.php(1177): CodeIgniter\View\View->render('Home', [], true)
 5 APPPATH\Controllers\Apps.php(56): view('Home')
 6 SYSTEMPATH\CodeIgniter.php(937): App\Controllers\Apps->index()
 7 SYSTEMPATH\CodeIgniter.php(502): CodeIgniter\CodeIgniter->runController(Object(App\Controllers\Apps))
 8 SYSTEMPATH\CodeIgniter.php(371): CodeIgniter\CodeIgniter->handleRequest(null, Object(Config\Cache), false)
 9 FCPATH\index.php(67): CodeIgniter\CodeIgniter->run()
10 SYSTEMPATH\Commands\Server\rewrite.php(47): require_once('FCPATH\\index.php')
CRITICAL - 2023-09-06 06:44:08 --> Undefined variable $kecamatan
in APPPATH\Views\Home.php on line 3.
 1 APPPATH\Views\Home.php(3): CodeIgniter\Debug\Exceptions->errorHandler(2, 'Undefined variable $kecamatan', 'APPPATH\\Views\\Home.php', 3)
 2 SYSTEMPATH\View\View.php(213): include('APPPATH\\Views\\Home.php')
 3 SYSTEMPATH\View\View.php(216): CodeIgniter\View\View->CodeIgniter\View\{closure}()
 4 SYSTEMPATH\Common.php(1177): CodeIgniter\View\View->render('Home', [], true)
 5 APPPATH\Controllers\Apps.php(56): view('Home')
 6 SYSTEMPATH\CodeIgniter.php(937): App\Controllers\Apps->index()
 7 SYSTEMPATH\CodeIgniter.php(502): CodeIgniter\CodeIgniter->runController(Object(App\Controllers\Apps))
 8 SYSTEMPATH\CodeIgniter.php(371): CodeIgniter\CodeIgniter->handleRequest(null, Object(Config\Cache), false)
 9 FCPATH\index.php(67): CodeIgniter\CodeIgniter->run()
10 SYSTEMPATH\Commands\Server\rewrite.php(47): require_once('FCPATH\\index.php')
CRITICAL - 2023-09-06 06:44:09 --> Undefined variable $kecamatan
in APPPATH\Views\Home.php on line 3.
 1 APPPATH\Views\Home.php(3): CodeIgniter\Debug\Exceptions->errorHandler(2, 'Undefined variable $kecamatan', 'APPPATH\\Views\\Home.php', 3)
 2 SYSTEMPATH\View\View.php(213): include('APPPATH\\Views\\Home.php')
 3 SYSTEMPATH\View\View.php(216): CodeIgniter\View\View->CodeIgniter\View\{closure}()
 4 SYSTEMPATH\Common.php(1177): CodeIgniter\View\View->render('Home', [], true)
 5 APPPATH\Controllers\Apps.php(56): view('Home')
 6 SYSTEMPATH\CodeIgniter.php(937): App\Controllers\Apps->index()
 7 SYSTEMPATH\CodeIgniter.php(502): CodeIgniter\CodeIgniter->runController(Object(App\Controllers\Apps))
 8 SYSTEMPATH\CodeIgniter.php(371): CodeIgniter\CodeIgniter->handleRequest(null, Object(Config\Cache), false)
 9 FCPATH\index.php(67): CodeIgniter\CodeIgniter->run()
10 SYSTEMPATH\Commands\Server\rewrite.php(47): require_once('FCPATH\\index.php')
CRITICAL - 2023-09-06 06:48:51 --> Undefined variable $tampil
in APPPATH\Views\Home.php on line 3.
 1 APPPATH\Views\Home.php(3): CodeIgniter\Debug\Exceptions->errorHandler(2, 'Undefined variable $tampil', 'APPPATH\\Views\\Home.php', 3)
 2 SYSTEMPATH\View\View.php(213): include('APPPATH\\Views\\Home.php')
 3 SYSTEMPATH\View\View.php(216): CodeIgniter\View\View->CodeIgniter\View\{closure}()
 4 SYSTEMPATH\Common.php(1177): CodeIgniter\View\View->render('Home', [], true)
 5 APPPATH\Controllers\Apps.php(56): view('Home')
 6 SYSTEMPATH\CodeIgniter.php(937): App\Controllers\Apps->index()
 7 SYSTEMPATH\CodeIgniter.php(502): CodeIgniter\CodeIgniter->runController(Object(App\Controllers\Apps))
 8 SYSTEMPATH\CodeIgniter.php(371): CodeIgniter\CodeIgniter->handleRequest(null, Object(Config\Cache), false)
 9 FCPATH\index.php(67): CodeIgniter\CodeIgniter->run()
10 SYSTEMPATH\Commands\Server\rewrite.php(47): require_once('FCPATH\\index.php')
CRITICAL - 2023-09-06 06:50:14 --> Undefined variable $tampil
in APPPATH\Views\Home.php on line 22.
 1 APPPATH\Views\Home.php(22): CodeIgniter\Debug\Exceptions->errorHandler(2, 'Undefined variable $tampil', 'APPPATH\\Views\\Home.php', 22)
 2 SYSTEMPATH\View\View.php(213): include('APPPATH\\Views\\Home.php')
 3 SYSTEMPATH\View\View.php(216): CodeIgniter\View\View->CodeIgniter\View\{closure}()
 4 SYSTEMPATH\Common.php(1177): CodeIgniter\View\View->render('Home', [], true)
 5 APPPATH\Controllers\Apps.php(56): view('Home')
 6 SYSTEMPATH\CodeIgniter.php(937): App\Controllers\Apps->index()
 7 SYSTEMPATH\CodeIgniter.php(502): CodeIgniter\CodeIgniter->runController(Object(App\Controllers\Apps))
 8 SYSTEMPATH\CodeIgniter.php(371): CodeIgniter\CodeIgniter->handleRequest(null, Object(Config\Cache), false)
 9 FCPATH\index.php(67): CodeIgniter\CodeIgniter->run()
10 SYSTEMPATH\Commands\Server\rewrite.php(47): require_once('FCPATH\\index.php')
CRITICAL - 2023-09-06 06:50:19 --> Undefined variable $tampil
in APPPATH\Views\Home.php on line 22.
 1 APPPATH\Views\Home.php(22): CodeIgniter\Debug\Exceptions->errorHandler(2, 'Undefined variable $tampil', 'APPPATH\\Views\\Home.php', 22)
 2 SYSTEMPATH\View\View.php(213): include('APPPATH\\Views\\Home.php')
 3 SYSTEMPATH\View\View.php(216): CodeIgniter\View\View->CodeIgniter\View\{closure}()
 4 SYSTEMPATH\Common.php(1177): CodeIgniter\View\View->render('Home', [], true)
 5 APPPATH\Controllers\Apps.php(56): view('Home')
 6 SYSTEMPATH\CodeIgniter.php(937): App\Controllers\Apps->index()
 7 SYSTEMPATH\CodeIgniter.php(502): CodeIgniter\CodeIgniter->runController(Object(App\Controllers\Apps))
 8 SYSTEMPATH\CodeIgniter.php(371): CodeIgniter\CodeIgniter->handleRequest(null, Object(Config\Cache), false)
 9 FCPATH\index.php(67): CodeIgniter\CodeIgniter->run()
10 SYSTEMPATH\Commands\Server\rewrite.php(47): require_once('FCPATH\\index.php')
CRITICAL - 2023-09-06 06:56:43 --> Undefined variable $totalKasus
in APPPATH\Views\Home.php on line 23.
 1 APPPATH\Views\Home.php(23): CodeIgniter\Debug\Exceptions->errorHandler(2, 'Undefined variable $totalKasus', 'APPPATH\\Views\\Home.php', 23)
 2 SYSTEMPATH\View\View.php(213): include('APPPATH\\Views\\Home.php')
 3 SYSTEMPATH\View\View.php(216): CodeIgniter\View\View->CodeIgniter\View\{closure}()
 4 SYSTEMPATH\Common.php(1177): CodeIgniter\View\View->render('Home', [], true)
 5 APPPATH\Controllers\Apps.php(56): view('Home', [...])
 6 SYSTEMPATH\CodeIgniter.php(937): App\Controllers\Apps->index()
 7 SYSTEMPATH\CodeIgniter.php(502): CodeIgniter\CodeIgniter->runController(Object(App\Controllers\Apps))
 8 SYSTEMPATH\CodeIgniter.php(371): CodeIgniter\CodeIgniter->handleRequest(null, Object(Config\Cache), false)
 9 FCPATH\index.php(67): CodeIgniter\CodeIgniter->run()
10 SYSTEMPATH\Commands\Server\rewrite.php(47): require_once('FCPATH\\index.php')
CRITICAL - 2023-09-06 07:08:52 --> Undefined variable $namaKecamatan
in APPPATH\Views\Pages\Map.php on line 104.
 1 APPPATH\Views\Pages\Map.php(104): CodeIgniter\Debug\Exceptions->errorHandler(2, 'Undefined variable $namaKecamatan', 'APPPATH\\Views\\Pages\\Map.php', 104)
 2 SYSTEMPATH\View\View.php(213): include('APPPATH\\Views\\Pages\\Map.php')
 3 SYSTEMPATH\View\View.php(216): CodeIgniter\View\View->CodeIgniter\View\{closure}()
 4 SYSTEMPATH\Common.php(1177): CodeIgniter\View\View->render('Pages/Map', [], true)
 5 APPPATH\Controllers\Apps.php(319): view('Pages/Map', [...])
 6 SYSTEMPATH\CodeIgniter.php(937): App\Controllers\Apps->Peta()
 7 SYSTEMPATH\CodeIgniter.php(502): CodeIgniter\CodeIgniter->runController(Object(App\Controllers\Apps))
 8 SYSTEMPATH\CodeIgniter.php(371): CodeIgniter\CodeIgniter->handleRequest(null, Object(Config\Cache), false)
 9 FCPATH\index.php(67): CodeIgniter\CodeIgniter->run()
10 SYSTEMPATH\Commands\Server\rewrite.php(47): require_once('FCPATH\\index.php')
CRITICAL - 2023-09-06 07:09:08 --> Undefined variable $namaKecamatan
in APPPATH\Views\Pages\Map.php on line 104.
 1 APPPATH\Views\Pages\Map.php(104): CodeIgniter\Debug\Exceptions->errorHandler(2, 'Undefined variable $namaKecamatan', 'APPPATH\\Views\\Pages\\Map.php', 104)
 2 SYSTEMPATH\View\View.php(213): include('APPPATH\\Views\\Pages\\Map.php')
 3 SYSTEMPATH\View\View.php(216): CodeIgniter\View\View->CodeIgniter\View\{closure}()
 4 SYSTEMPATH\Common.php(1177): CodeIgniter\View\View->render('Pages/Map', [], true)
 5 APPPATH\Controllers\Apps.php(319): view('Pages/Map', [...])
 6 SYSTEMPATH\CodeIgniter.php(937): App\Controllers\Apps->Peta()
 7 SYSTEMPATH\CodeIgniter.php(502): CodeIgniter\CodeIgniter->runController(Object(App\Controllers\Apps))
 8 SYSTEMPATH\CodeIgniter.php(371): CodeIgniter\CodeIgniter->handleRequest(null, Object(Config\Cache), false)
 9 FCPATH\index.php(67): CodeIgniter\CodeIgniter->run()
10 SYSTEMPATH\Commands\Server\rewrite.php(47): require_once('FCPATH\\index.php')
CRITICAL - 2023-09-06 07:09:09 --> Undefined variable $namaKecamatan
in APPPATH\Views\Pages\Map.php on line 104.
 1 APPPATH\Views\Pages\Map.php(104): CodeIgniter\Debug\Exceptions->errorHandler(2, 'Undefined variable $namaKecamatan', 'APPPATH\\Views\\Pages\\Map.php', 104)
 2 SYSTEMPATH\View\View.php(213): include('APPPATH\\Views\\Pages\\Map.php')
 3 SYSTEMPATH\View\View.php(216): CodeIgniter\View\View->CodeIgniter\View\{closure}()
 4 SYSTEMPATH\Common.php(1177): CodeIgniter\View\View->render('Pages/Map', [], true)
 5 APPPATH\Controllers\Apps.php(319): view('Pages/Map', [...])
 6 SYSTEMPATH\CodeIgniter.php(937): App\Controllers\Apps->Peta()
 7 SYSTEMPATH\CodeIgniter.php(502): CodeIgniter\CodeIgniter->runController(Object(App\Controllers\Apps))
 8 SYSTEMPATH\CodeIgniter.php(371): CodeIgniter\CodeIgniter->handleRequest(null, Object(Config\Cache), false)
 9 FCPATH\index.php(67): CodeIgniter\CodeIgniter->run()
10 SYSTEMPATH\Commands\Server\rewrite.php(47): require_once('FCPATH\\index.php')
CRITICAL - 2023-09-06 07:10:17 --> Undefined variable $namaKecamatan
in APPPATH\Views\Pages\Map.php on line 105.
 1 APPPATH\Views\Pages\Map.php(105): CodeIgniter\Debug\Exceptions->errorHandler(2, 'Undefined variable $namaKecamatan', 'APPPATH\\Views\\Pages\\Map.php', 105)
 2 SYSTEMPATH\View\View.php(213): include('APPPATH\\Views\\Pages\\Map.php')
 3 SYSTEMPATH\View\View.php(216): CodeIgniter\View\View->CodeIgniter\View\{closure}()
 4 SYSTEMPATH\Common.php(1177): CodeIgniter\View\View->render('Pages/Map', [], true)
 5 APPPATH\Controllers\Apps.php(319): view('Pages/Map', [...])
 6 SYSTEMPATH\CodeIgniter.php(937): App\Controllers\Apps->Peta()
 7 SYSTEMPATH\CodeIgniter.php(502): CodeIgniter\CodeIgniter->runController(Object(App\Controllers\Apps))
 8 SYSTEMPATH\CodeIgniter.php(371): CodeIgniter\CodeIgniter->handleRequest(null, Object(Config\Cache), false)
 9 FCPATH\index.php(67): CodeIgniter\CodeIgniter->run()
10 SYSTEMPATH\Commands\Server\rewrite.php(47): require_once('FCPATH\\index.php')
CRITICAL - 2023-09-06 07:11:12 --> Trying to access array offset on value of type int
in APPPATH\Views\Pages\Map.php on line 87.
 1 APPPATH\Views\Pages\Map.php(87): CodeIgniter\Debug\Exceptions->errorHandler(2, 'Trying to access array offset on value of type int', 'APPPATH\\Views\\Pages\\Map.php', 87)
 2 SYSTEMPATH\View\View.php(213): include('APPPATH\\Views\\Pages\\Map.php')
 3 SYSTEMPATH\View\View.php(216): CodeIgniter\View\View->CodeIgniter\View\{closure}()
 4 SYSTEMPATH\Common.php(1177): CodeIgniter\View\View->render('Pages/Map', [], true)
 5 APPPATH\Controllers\Apps.php(319): view('Pages/Map', [...])
 6 SYSTEMPATH\CodeIgniter.php(937): App\Controllers\Apps->Peta()
 7 SYSTEMPATH\CodeIgniter.php(502): CodeIgniter\CodeIgniter->runController(Object(App\Controllers\Apps))
 8 SYSTEMPATH\CodeIgniter.php(371): CodeIgniter\CodeIgniter->handleRequest(null, Object(Config\Cache), false)
 9 FCPATH\index.php(67): CodeIgniter\CodeIgniter->run()
10 SYSTEMPATH\Commands\Server\rewrite.php(47): require_once('FCPATH\\index.php')
CRITICAL - 2023-09-06 07:19:14 --> Undefined variable $MANGUNJAYA
in APPPATH\Views\Pages\Map.php on line 88.
 1 APPPATH\Views\Pages\Map.php(88): CodeIgniter\Debug\Exceptions->errorHandler(2, 'Undefined variable $MANGUNJAYA', 'APPPATH\\Views\\Pages\\Map.php', 88)
 2 SYSTEMPATH\View\View.php(213): include('APPPATH\\Views\\Pages\\Map.php')
 3 SYSTEMPATH\View\View.php(216): CodeIgniter\View\View->CodeIgniter\View\{closure}()
 4 SYSTEMPATH\Common.php(1177): CodeIgniter\View\View->render('Pages/Map', [], true)
 5 APPPATH\Controllers\Apps.php(319): view('Pages/Map', [...])
 6 SYSTEMPATH\CodeIgniter.php(937): App\Controllers\Apps->Peta()
 7 SYSTEMPATH\CodeIgniter.php(502): CodeIgniter\CodeIgniter->runController(Object(App\Controllers\Apps))
 8 SYSTEMPATH\CodeIgniter.php(371): CodeIgniter\CodeIgniter->handleRequest(null, Object(Config\Cache), false)
 9 FCPATH\index.php(67): CodeIgniter\CodeIgniter->run()
10 SYSTEMPATH\Commands\Server\rewrite.php(47): require_once('FCPATH\\index.php')
CRITICAL - 2023-09-06 07:19:28 --> Undefined variable $jumlahKasusTerendah
in APPPATH\Views\Pages\Map.php on line 107.
 1 APPPATH\Views\Pages\Map.php(107): CodeIgniter\Debug\Exceptions->errorHandler(2, 'Undefined variable $jumlahKasusTerendah', 'APPPATH\\Views\\Pages\\Map.php', 107)
 2 SYSTEMPATH\View\View.php(213): include('APPPATH\\Views\\Pages\\Map.php')
 3 SYSTEMPATH\View\View.php(216): CodeIgniter\View\View->CodeIgniter\View\{closure}()
 4 SYSTEMPATH\Common.php(1177): CodeIgniter\View\View->render('Pages/Map', [], true)
 5 APPPATH\Controllers\Apps.php(319): view('Pages/Map', [...])
 6 SYSTEMPATH\CodeIgniter.php(937): App\Controllers\Apps->Peta()
 7 SYSTEMPATH\CodeIgniter.php(502): CodeIgniter\CodeIgniter->runController(Object(App\Controllers\Apps))
 8 SYSTEMPATH\CodeIgniter.php(371): CodeIgniter\CodeIgniter->handleRequest(null, Object(Config\Cache), false)
 9 FCPATH\index.php(67): CodeIgniter\CodeIgniter->run()
10 SYSTEMPATH\Commands\Server\rewrite.php(47): require_once('FCPATH\\index.php')
CRITICAL - 2023-09-06 07:28:05 --> Undefined variable $jumlahKasusTertinggi
in APPPATH\Views\Pages\Map.php on line 105.
 1 APPPATH\Views\Pages\Map.php(105): CodeIgniter\Debug\Exceptions->errorHandler(2, 'Undefined variable $jumlahKasusTertinggi', 'APPPATH\\Views\\Pages\\Map.php', 105)
 2 SYSTEMPATH\View\View.php(213): include('APPPATH\\Views\\Pages\\Map.php')
 3 SYSTEMPATH\View\View.php(216): CodeIgniter\View\View->CodeIgniter\View\{closure}()
 4 SYSTEMPATH\Common.php(1177): CodeIgniter\View\View->render('Pages/Map', [], true)
 5 APPPATH\Controllers\Apps.php(329): view('Pages/Map', [...])
 6 SYSTEMPATH\CodeIgniter.php(937): App\Controllers\Apps->Peta()
 7 SYSTEMPATH\CodeIgniter.php(502): CodeIgniter\CodeIgniter->runController(Object(App\Controllers\Apps))
 8 SYSTEMPATH\CodeIgniter.php(371): CodeIgniter\CodeIgniter->handleRequest(null, Object(Config\Cache), false)
 9 FCPATH\index.php(67): CodeIgniter\CodeIgniter->run()
10 SYSTEMPATH\Commands\Server\rewrite.php(47): require_once('FCPATH\\index.php')
CRITICAL - 2023-09-06 07:28:17 --> Undefined variable $jumlahKasusTertinggi
in APPPATH\Views\Pages\Map.php on line 105.
 1 APPPATH\Views\Pages\Map.php(105): CodeIgniter\Debug\Exceptions->errorHandler(2, 'Undefined variable $jumlahKasusTertinggi', 'APPPATH\\Views\\Pages\\Map.php', 105)
 2 SYSTEMPATH\View\View.php(213): include('APPPATH\\Views\\Pages\\Map.php')
 3 SYSTEMPATH\View\View.php(216): CodeIgniter\View\View->CodeIgniter\View\{closure}()
 4 SYSTEMPATH\Common.php(1177): CodeIgniter\View\View->render('Pages/Map', [], true)
 5 APPPATH\Controllers\Apps.php(329): view('Pages/Map', [...])
 6 SYSTEMPATH\CodeIgniter.php(937): App\Controllers\Apps->Peta()
 7 SYSTEMPATH\CodeIgniter.php(502): CodeIgniter\CodeIgniter->runController(Object(App\Controllers\Apps))
 8 SYSTEMPATH\CodeIgniter.php(371): CodeIgniter\CodeIgniter->handleRequest(null, Object(Config\Cache), false)
 9 FCPATH\index.php(67): CodeIgniter\CodeIgniter->run()
10 SYSTEMPATH\Commands\Server\rewrite.php(47): require_once('FCPATH\\index.php')
CRITICAL - 2023-09-06 07:32:18 --> Undefined variable $tampil
in APPPATH\Views\Pages\Map.php on line 99.
 1 APPPATH\Views\Pages\Map.php(99): CodeIgniter\Debug\Exceptions->errorHandler(2, 'Undefined variable $tampil', 'APPPATH\\Views\\Pages\\Map.php', 99)
 2 SYSTEMPATH\View\View.php(213): include('APPPATH\\Views\\Pages\\Map.php')
 3 SYSTEMPATH\View\View.php(216): CodeIgniter\View\View->CodeIgniter\View\{closure}()
 4 SYSTEMPATH\Common.php(1177): CodeIgniter\View\View->render('Pages/Map', [], true)
 5 APPPATH\Controllers\Apps.php(329): view('Pages/Map', [...])
 6 SYSTEMPATH\CodeIgniter.php(937): App\Controllers\Apps->Peta()
 7 SYSTEMPATH\CodeIgniter.php(502): CodeIgniter\CodeIgniter->runController(Object(App\Controllers\Apps))
 8 SYSTEMPATH\CodeIgniter.php(371): CodeIgniter\CodeIgniter->handleRequest(null, Object(Config\Cache), false)
 9 FCPATH\index.php(67): CodeIgniter\CodeIgniter->run()
10 SYSTEMPATH\Commands\Server\rewrite.php(47): require_once('FCPATH\\index.php')
CRITICAL - 2023-09-06 07:38:08 --> Undefined variable $262
in APPPATH\Views\Pages\Map.php on line 107.
 1 APPPATH\Views\Pages\Map.php(107): CodeIgniter\Debug\Exceptions->errorHandler(2, 'Undefined variable $262', 'APPPATH\\Views\\Pages\\Map.php', 107)
 2 SYSTEMPATH\View\View.php(213): include('APPPATH\\Views\\Pages\\Map.php')
 3 SYSTEMPATH\View\View.php(216): CodeIgniter\View\View->CodeIgniter\View\{closure}()
 4 SYSTEMPATH\Common.php(1177): CodeIgniter\View\View->render('Pages/Map', [], true)
 5 APPPATH\Controllers\Apps.php(336): view('Pages/Map', [...])
 6 SYSTEMPATH\CodeIgniter.php(937): App\Controllers\Apps->Peta()
 7 SYSTEMPATH\CodeIgniter.php(502): CodeIgniter\CodeIgniter->runController(Object(App\Controllers\Apps))
 8 SYSTEMPATH\CodeIgniter.php(371): CodeIgniter\CodeIgniter->handleRequest(null, Object(Config\Cache), false)
 9 FCPATH\index.php(67): CodeIgniter\CodeIgniter->run()
10 SYSTEMPATH\Commands\Server\rewrite.php(47): require_once('FCPATH\\index.php')
CRITICAL - 2023-09-06 07:44:39 --> Undefined variable $262
in APPPATH\Views\Home.php on line 20.
 1 APPPATH\Views\Home.php(20): CodeIgniter\Debug\Exceptions->errorHandler(2, 'Undefined variable $262', 'APPPATH\\Views\\Home.php', 20)
 2 SYSTEMPATH\View\View.php(213): include('APPPATH\\Views\\Home.php')
 3 SYSTEMPATH\View\View.php(216): CodeIgniter\View\View->CodeIgniter\View\{closure}()
 4 SYSTEMPATH\Common.php(1177): CodeIgniter\View\View->render('Home', [], true)
 5 APPPATH\Controllers\Apps.php(73): view('Home', [...])
 6 SYSTEMPATH\CodeIgniter.php(937): App\Controllers\Apps->index()
 7 SYSTEMPATH\CodeIgniter.php(502): CodeIgniter\CodeIgniter->runController(Object(App\Controllers\Apps))
 8 SYSTEMPATH\CodeIgniter.php(371): CodeIgniter\CodeIgniter->handleRequest(null, Object(Config\Cache), false)
 9 FCPATH\index.php(67): CodeIgniter\CodeIgniter->run()
10 SYSTEMPATH\Commands\Server\rewrite.php(47): require_once('FCPATH\\index.php')
CRITICAL - 2023-09-06 07:45:27 --> Undefined variable $kecamatanTertinggi
in APPPATH\Views\Pages\Map.php on line 85.
 1 APPPATH\Views\Pages\Map.php(85): CodeIgniter\Debug\Exceptions->errorHandler(2, 'Undefined variable $kecamatanTertinggi', 'APPPATH\\Views\\Pages\\Map.php', 85)
 2 SYSTEMPATH\View\View.php(213): include('APPPATH\\Views\\Pages\\Map.php')
 3 SYSTEMPATH\View\View.php(216): CodeIgniter\View\View->CodeIgniter\View\{closure}()
 4 SYSTEMPATH\Common.php(1177): CodeIgniter\View\View->render('Pages/Map', [], true)
 5 APPPATH\Controllers\Apps.php(339): view('Pages/Map', [...])
 6 SYSTEMPATH\CodeIgniter.php(937): App\Controllers\Apps->Peta()
 7 SYSTEMPATH\CodeIgniter.php(502): CodeIgniter\CodeIgniter->runController(Object(App\Controllers\Apps))
 8 SYSTEMPATH\CodeIgniter.php(371): CodeIgniter\CodeIgniter->handleRequest(null, Object(Config\Cache), false)
 9 FCPATH\index.php(67): CodeIgniter\CodeIgniter->run()
10 SYSTEMPATH\Commands\Server\rewrite.php(47): require_once('FCPATH\\index.php')
CRITICAL - 2023-09-06 07:48:50 --> syntax error, unexpected token "<", expecting end of file
in APPPATH\Views\Pages\Prediction.php on line 12.
 1 SYSTEMPATH\View\View.php(216): CodeIgniter\View\View->CodeIgniter\View\{closure}()
 2 SYSTEMPATH\Common.php(1177): CodeIgniter\View\View->render('Pages/Prediction', [], true)
 3 APPPATH\Controllers\Apps.php(94): view('Pages/Prediction', [...])
 4 SYSTEMPATH\CodeIgniter.php(937): App\Controllers\Apps->Predict()
 5 SYSTEMPATH\CodeIgniter.php(502): CodeIgniter\CodeIgniter->runController(Object(App\Controllers\Apps))
 6 SYSTEMPATH\CodeIgniter.php(371): CodeIgniter\CodeIgniter->handleRequest(null, Object(Config\Cache), false)
 7 FCPATH\index.php(67): CodeIgniter\CodeIgniter->run()
 8 SYSTEMPATH\Commands\Server\rewrite.php(47): require_once('FCPATH\\index.php')
CRITICAL - 2023-09-06 07:48:54 --> syntax error, unexpected token "<", expecting end of file
in APPPATH\Views\Pages\Prediction.php on line 13.
 1 SYSTEMPATH\View\View.php(216): CodeIgniter\View\View->CodeIgniter\View\{closure}()
 2 SYSTEMPATH\Common.php(1177): CodeIgniter\View\View->render('Pages/Prediction', [], true)
 3 APPPATH\Controllers\Apps.php(94): view('Pages/Prediction', [...])
 4 SYSTEMPATH\CodeIgniter.php(937): App\Controllers\Apps->Predict()
 5 SYSTEMPATH\CodeIgniter.php(502): CodeIgniter\CodeIgniter->runController(Object(App\Controllers\Apps))
 6 SYSTEMPATH\CodeIgniter.php(371): CodeIgniter\CodeIgniter->handleRequest(null, Object(Config\Cache), false)
 7 FCPATH\index.php(67): CodeIgniter\CodeIgniter->run()
 8 SYSTEMPATH\Commands\Server\rewrite.php(47): require_once('FCPATH\\index.php')
INFO - 2023-09-06 15:46:15 --> Session: Class initialized using 'CodeIgniter\Session\Handlers\FileHandler' driver.
INFO - 2023-09-06 16:51:27 --> Session: Class initialized using 'CodeIgniter\Session\Handlers\FileHandler' driver.
INFO - 2023-09-06 16:51:27 --> Session: Class initialized using 'CodeIgniter\Session\Handlers\FileHandler' driver.
INFO - 2023-09-06 16:51:32 --> Session: Class initialized using 'CodeIgniter\Session\Handlers\FileHandler' driver.
INFO - 2023-09-06 16:51:33 --> Session: Class initialized using 'CodeIgniter\Session\Handlers\FileHandler' driver.
INFO - 2023-09-06 16:51:45 --> Session: Class initialized using 'CodeIgniter\Session\Handlers\FileHandler' driver.
INFO - 2023-09-06 16:51:49 --> Session: Class initialized using 'CodeIgniter\Session\Handlers\FileHandler' driver.
INFO - 2023-09-06 16:51:49 --> Session: Class initialized using 'CodeIgniter\Session\Handlers\FileHandler' driver.
INFO - 2023-09-06 16:51:50 --> Session: Class initialized using 'CodeIgniter\Session\Handlers\FileHandler' driver.
INFO - 2023-09-06 16:51:50 --> Session: Class initialized using 'CodeIgniter\Session\Handlers\FileHandler' driver.
INFO - 2023-09-06 16:51:54 --> Session: Class initialized using 'CodeIgniter\Session\Handlers\FileHandler' driver.
